<?xml version="1.0" encoding="UTF-8"?>
<!-- Generated by org.testng.reporters.JUnitReportReporter -->
<testsuite skipped="0" hostname="Sai" name="com.jbk.Test.DashboardPageTest" tests="15" failures="1" timestamp="15 Nov 2021 16:48:18 GMT" time="96.484" errors="0">
  <testcase name="checkCourseLink" time="5.681" classname="com.jbk.Test.DashboardPageTest"/>
  <testcase name="checkSideBarMenuLinks" time="6.649" classname="com.jbk.Test.DashboardPageTest"/>
  <testcase name="checkCourseList" time="6.080" classname="com.jbk.Test.DashboardPageTest"/>
  <testcase name="checkLabel" time="5.959" classname="com.jbk.Test.DashboardPageTest"/>
  <testcase name="checkCourseDetails" time="6.719" classname="com.jbk.Test.DashboardPageTest"/>
  <testcase name="checkLabel1" time="5.569" classname="com.jbk.Test.DashboardPageTest"/>
  <testcase name="checkDownloadsLinkMenu" time="5.891" classname="com.jbk.Test.DashboardPageTest"/>
  <testcase name="checkTitle" time="6.314" classname="com.jbk.Test.DashboardPageTest"/>
  <testcase name="checkLogoutLink" time="5.887" classname="com.jbk.Test.DashboardPageTest"/>
  <testcase name="checkFooterLink" time="10.691" classname="com.jbk.Test.DashboardPageTest"/>
  <testcase name="checkCurrentURL" time="5.354" classname="com.jbk.Test.DashboardPageTest">
    <failure type="java.lang.AssertionError" message="expected [file:///C:/Users/User/Downloads/Selenium%20Softwares/Offline%20Website/Offline%20Website/index.html] but found [file:///C:/Users/User/Downloads/Selenium%20Softwares/Offline%20Website/Offline%20Website/pages/examples/dashboard.html]">
      <![CDATA[java.lang.AssertionError: expected [file:///C:/Users/User/Downloads/Selenium%20Softwares/Offline%20Website/Offline%20Website/index.html] but found [file:///C:/Users/User/Downloads/Selenium%20Softwares/Offline%20Website/Offline%20Website/pages/examples/dashboard.html]at org.testng.Assert.fail(Assert.java:96)at org.testng.Assert.failNotEquals(Assert.java:776)at org.testng.Assert.assertEqualsImpl(Assert.java:137)at org.testng.Assert.assertEquals(Assert.java:118)at org.testng.Assert.assertEquals(Assert.java:453)at org.testng.Assert.assertEquals(Assert.java:463)at com.jbk.Test.DashboardPageTest.checkCurrentURL(DashboardPageTest.java:43)at sun.reflect.NativeMethodAccessorImpl.invoke0(Native Method)at sun.reflect.NativeMethodAccessorImpl.invoke(NativeMethodAccessorImpl.java:62)at sun.reflect.DelegatingMethodAccessorImpl.invoke(DelegatingMethodAccessorImpl.java:43)at java.lang.reflect.Method.invoke(Method.java:498)at org.testng.internal.MethodInvocationHelper.invokeMethod(MethodInvocationHelper.java:124)at org.testng.internal.Invoker.invokeMethod(Invoker.java:571)at org.testng.internal.Invoker.invokeTestMethod(Invoker.java:707)at org.testng.internal.Invoker.invokeTestMethods(Invoker.java:979)at org.testng.internal.TestMethodWorker.invokeTestMethods(TestMethodWorker.java:125)at org.testng.internal.TestMethodWorker.run(TestMethodWorker.java:109)at org.testng.TestRunner.privateRun(TestRunner.java:648)at org.testng.TestRunner.run(TestRunner.java:505)at org.testng.SuiteRunner.runTest(SuiteRunner.java:455)at org.testng.SuiteRunner.runSequentially(SuiteRunner.java:450)at org.testng.SuiteRunner.privateRun(SuiteRunner.java:415)at org.testng.SuiteRunner.run(SuiteRunner.java:364)at org.testng.SuiteRunnerWorker.runSuite(SuiteRunnerWorker.java:52)at org.testng.SuiteRunnerWorker.run(SuiteRunnerWorker.java:84)at org.testng.TestNG.runSuitesSequentially(TestNG.java:1187)at org.testng.TestNG.runSuitesLocally(TestNG.java:1116)at org.testng.TestNG.runSuites(TestNG.java:1028)at org.testng.TestNG.run(TestNG.java:996)at org.testng.remote.AbstractRemoteTestNG.run(AbstractRemoteTestNG.java:114)at org.testng.remote.RemoteTestNG.initAndRun(RemoteTestNG.java:251)at org.testng.remote.RemoteTestNG.main(RemoteTestNG.java:77)]]>
    </failure>
  </testcase> <!-- checkCurrentURL -->
  <testcase name="checkUsefulLinksMenu" time="7.572" classname="com.jbk.Test.DashboardPageTest"/>
  <testcase name="checkOperatorsLinkMenu" time="6.294" classname="com.jbk.Test.DashboardPageTest"/>
  <testcase name="checkLink" time="5.640" classname="com.jbk.Test.DashboardPageTest"/>
  <testcase name="checkUsersLinkMenu" time="6.184" classname="com.jbk.Test.DashboardPageTest"/>
</testsuite> <!-- com.jbk.Test.DashboardPageTest -->
