<?xml version="1.0" encoding="UTF-8"?>
<testng-results skipped="0" failed="4" ignored="0" total="48" passed="44">
  <reporter-output>
  </reporter-output>
  <suite name="Suite" duration-ms="260917" started-at="2021-11-15T16:43:55Z" finished-at="2021-11-15T16:48:15Z">
    <groups>
    </groups>
    <test name="Java By Kiran Offline Website Automation " duration-ms="260917" started-at="2021-11-15T16:43:55Z" finished-at="2021-11-15T16:48:15Z">
      <class name="com.jbk.Test.LoginTest">
        <test-method status="PASS" signature="setUp()[pri:0, instance:com.jbk.Test.LoginTest@3d99d22e]" name="setUp" is-config="true" duration-ms="7734" started-at="2021-11-15T22:13:55Z" finished-at="2021-11-15T22:14:02Z">
          <reporter-output>
          </reporter-output>
        </test-method> <!-- setUp -->
        <test-method status="PASS" signature="checkCrediantialsPassword()[pri:0, instance:com.jbk.Test.LoginTest@3d99d22e]" name="checkCrediantialsPassword" duration-ms="829" started-at="2021-11-15T22:14:02Z" finished-at="2021-11-15T22:14:03Z">
          <reporter-output>
          </reporter-output>
        </test-method> <!-- checkCrediantialsPassword -->
        <test-method status="PASS" signature="tearDown()[pri:0, instance:com.jbk.Test.LoginTest@3d99d22e]" name="tearDown" is-config="true" duration-ms="947" started-at="2021-11-15T22:14:03Z" finished-at="2021-11-15T22:14:04Z">
          <reporter-output>
          </reporter-output>
        </test-method> <!-- tearDown -->
        <test-method status="PASS" signature="setUp()[pri:0, instance:com.jbk.Test.LoginTest@3d99d22e]" name="setUp" is-config="true" duration-ms="5239" started-at="2021-11-15T22:14:04Z" finished-at="2021-11-15T22:14:09Z">
          <reporter-output>
          </reporter-output>
        </test-method> <!-- setUp -->
        <test-method status="PASS" signature="checkValidCredentials()[pri:0, instance:com.jbk.Test.LoginTest@3d99d22e]" name="checkValidCredentials" duration-ms="1114" started-at="2021-11-15T22:14:09Z" finished-at="2021-11-15T22:14:11Z">
          <reporter-output>
          </reporter-output>
        </test-method> <!-- checkValidCredentials -->
        <test-method status="PASS" signature="tearDown()[pri:0, instance:com.jbk.Test.LoginTest@3d99d22e]" name="tearDown" is-config="true" duration-ms="908" started-at="2021-11-15T22:14:11Z" finished-at="2021-11-15T22:14:11Z">
          <reporter-output>
          </reporter-output>
        </test-method> <!-- tearDown -->
        <test-method status="PASS" signature="setUp()[pri:0, instance:com.jbk.Test.LoginTest@3d99d22e]" name="setUp" is-config="true" duration-ms="5165" started-at="2021-11-15T22:14:12Z" finished-at="2021-11-15T22:14:17Z">
          <reporter-output>
          </reporter-output>
        </test-method> <!-- setUp -->
        <test-method status="PASS" signature="registrationPage(java.lang.String, java.lang.String, java.lang.String, java.lang.String)[pri:0, instance:com.jbk.Test.LoginTest@3d99d22e]" name="registrationPage" duration-ms="1835" started-at="2021-11-15T22:14:17Z" data-provider="getRegistrationPageData" finished-at="2021-11-15T22:14:19Z">
          <params>
            <param index="0">
              <value>
                <![CDATA[a]]>
              </value>
            </param>
            <param index="1">
              <value>
                <![CDATA[b]]>
              </value>
            </param>
            <param index="2">
              <value>
                <![CDATA[c]]>
              </value>
            </param>
            <param index="3">
              <value>
                <![CDATA[d]]>
              </value>
            </param>
          </params>
          <reporter-output>
          </reporter-output>
        </test-method> <!-- registrationPage -->
        <test-method status="PASS" signature="tearDown()[pri:0, instance:com.jbk.Test.LoginTest@3d99d22e]" name="tearDown" is-config="true" duration-ms="938" started-at="2021-11-15T22:14:19Z" finished-at="2021-11-15T22:14:20Z">
          <reporter-output>
          </reporter-output>
        </test-method> <!-- tearDown -->
        <test-method status="PASS" signature="setUp()[pri:0, instance:com.jbk.Test.LoginTest@3d99d22e]" name="setUp" is-config="true" duration-ms="4963" started-at="2021-11-15T22:14:20Z" finished-at="2021-11-15T22:14:25Z">
          <reporter-output>
          </reporter-output>
        </test-method> <!-- setUp -->
        <test-method status="PASS" signature="registrationPage(java.lang.String, java.lang.String, java.lang.String, java.lang.String)[pri:0, instance:com.jbk.Test.LoginTest@3d99d22e]" name="registrationPage" duration-ms="1821" started-at="2021-11-15T22:14:25Z" data-provider="getRegistrationPageData" finished-at="2021-11-15T22:14:27Z">
          <params>
            <param index="0">
              <value>
                <![CDATA[e]]>
              </value>
            </param>
            <param index="1">
              <value>
                <![CDATA[f]]>
              </value>
            </param>
            <param index="2">
              <value>
                <![CDATA[g]]>
              </value>
            </param>
            <param index="3">
              <value>
                <![CDATA[h]]>
              </value>
            </param>
          </params>
          <reporter-output>
          </reporter-output>
        </test-method> <!-- registrationPage -->
        <test-method status="PASS" signature="tearDown()[pri:0, instance:com.jbk.Test.LoginTest@3d99d22e]" name="tearDown" is-config="true" duration-ms="842" started-at="2021-11-15T22:14:27Z" finished-at="2021-11-15T22:14:28Z">
          <reporter-output>
          </reporter-output>
        </test-method> <!-- tearDown -->
        <test-method status="PASS" signature="setUp()[pri:0, instance:com.jbk.Test.LoginTest@3d99d22e]" name="setUp" is-config="true" duration-ms="5172" started-at="2021-11-15T22:14:28Z" finished-at="2021-11-15T22:14:33Z">
          <reporter-output>
          </reporter-output>
        </test-method> <!-- setUp -->
        <test-method status="PASS" signature="registrationPage(java.lang.String, java.lang.String, java.lang.String, java.lang.String)[pri:0, instance:com.jbk.Test.LoginTest@3d99d22e]" name="registrationPage" duration-ms="1806" started-at="2021-11-15T22:14:33Z" data-provider="getRegistrationPageData" finished-at="2021-11-15T22:14:35Z">
          <params>
            <param index="0">
              <value>
                <![CDATA[i]]>
              </value>
            </param>
            <param index="1">
              <value>
                <![CDATA[j]]>
              </value>
            </param>
            <param index="2">
              <value>
                <![CDATA[k]]>
              </value>
            </param>
            <param index="3">
              <value>
                <![CDATA[l]]>
              </value>
            </param>
          </params>
          <reporter-output>
          </reporter-output>
        </test-method> <!-- registrationPage -->
        <test-method status="PASS" signature="tearDown()[pri:0, instance:com.jbk.Test.LoginTest@3d99d22e]" name="tearDown" is-config="true" duration-ms="841" started-at="2021-11-15T22:14:35Z" finished-at="2021-11-15T22:14:36Z">
          <reporter-output>
          </reporter-output>
        </test-method> <!-- tearDown -->
        <test-method status="PASS" signature="setUp()[pri:0, instance:com.jbk.Test.LoginTest@3d99d22e]" name="setUp" is-config="true" duration-ms="5277" started-at="2021-11-15T22:14:36Z" finished-at="2021-11-15T22:14:41Z">
          <reporter-output>
          </reporter-output>
        </test-method> <!-- setUp -->
        <test-method status="PASS" signature="verifyImage()[pri:0, instance:com.jbk.Test.LoginTest@3d99d22e]" name="verifyImage" duration-ms="264" started-at="2021-11-15T22:14:41Z" finished-at="2021-11-15T22:14:41Z">
          <reporter-output>
          </reporter-output>
        </test-method> <!-- verifyImage -->
        <test-method status="PASS" signature="tearDown()[pri:0, instance:com.jbk.Test.LoginTest@3d99d22e]" name="tearDown" is-config="true" duration-ms="837" started-at="2021-11-15T22:14:41Z" finished-at="2021-11-15T22:14:42Z">
          <reporter-output>
          </reporter-output>
        </test-method> <!-- tearDown -->
        <test-method status="PASS" signature="setUp()[pri:0, instance:com.jbk.Test.LoginTest@3d99d22e]" name="setUp" is-config="true" duration-ms="5267" started-at="2021-11-15T22:14:42Z" finished-at="2021-11-15T22:14:47Z">
          <reporter-output>
          </reporter-output>
        </test-method> <!-- setUp -->
        <test-method status="PASS" signature="verifyTitle()[pri:0, instance:com.jbk.Test.LoginTest@3d99d22e]" name="verifyTitle" duration-ms="22" started-at="2021-11-15T22:14:47Z" finished-at="2021-11-15T22:14:47Z">
          <reporter-output>
          </reporter-output>
        </test-method> <!-- verifyTitle -->
        <test-method status="PASS" signature="tearDown()[pri:0, instance:com.jbk.Test.LoginTest@3d99d22e]" name="tearDown" is-config="true" duration-ms="1287" started-at="2021-11-15T22:14:47Z" finished-at="2021-11-15T22:14:49Z">
          <reporter-output>
          </reporter-output>
        </test-method> <!-- tearDown -->
      </class> <!-- com.jbk.Test.LoginTest -->
      <class name="com.jbk.Test.DownloadsPageTest">
        <test-method status="PASS" signature="setUp()[pri:0, instance:com.jbk.Test.DownloadsPageTest@6321e813]" name="setUp" is-config="true" duration-ms="5573" started-at="2021-11-15T22:18:09Z" finished-at="2021-11-15T22:18:15Z">
          <reporter-output>
          </reporter-output>
        </test-method> <!-- setUp -->
        <test-method status="PASS" signature="verifyTitle()[pri:0, instance:com.jbk.Test.DownloadsPageTest@6321e813]" name="verifyTitle" duration-ms="12" started-at="2021-11-15T22:18:15Z" finished-at="2021-11-15T22:18:15Z">
          <reporter-output>
          </reporter-output>
        </test-method> <!-- verifyTitle -->
        <test-method status="PASS" signature="tearDown()[pri:0, instance:com.jbk.Test.DownloadsPageTest@6321e813]" name="tearDown" is-config="true" duration-ms="821" started-at="2021-11-15T22:18:15Z" finished-at="2021-11-15T22:18:15Z">
          <reporter-output>
          </reporter-output>
        </test-method> <!-- tearDown -->
      </class> <!-- com.jbk.Test.DownloadsPageTest -->
      <class name="com.jbk.Test.OperatorsPageTest">
        <test-method status="PASS" signature="setUp()[pri:0, instance:com.jbk.Test.OperatorsPageTest@3a883ce7]" name="setUp" is-config="true" duration-ms="5347" started-at="2021-11-15T22:16:34Z" finished-at="2021-11-15T22:16:40Z">
          <reporter-output>
          </reporter-output>
        </test-method> <!-- setUp -->
        <test-method status="PASS" signature="checkTitle()[pri:0, instance:com.jbk.Test.OperatorsPageTest@3a883ce7]" name="checkTitle" duration-ms="16" started-at="2021-11-15T22:16:40Z" finished-at="2021-11-15T22:16:40Z">
          <reporter-output>
          </reporter-output>
        </test-method> <!-- checkTitle -->
        <test-method status="PASS" signature="tearDown()[pri:0, instance:com.jbk.Test.OperatorsPageTest@3a883ce7]" name="tearDown" is-config="true" duration-ms="928" started-at="2021-11-15T22:16:40Z" finished-at="2021-11-15T22:16:41Z">
          <reporter-output>
          </reporter-output>
        </test-method> <!-- tearDown -->
        <test-method status="PASS" signature="setUp()[pri:0, instance:com.jbk.Test.OperatorsPageTest@3a883ce7]" name="setUp" is-config="true" duration-ms="4905" started-at="2021-11-15T22:16:41Z" finished-at="2021-11-15T22:16:46Z">
          <reporter-output>
          </reporter-output>
        </test-method> <!-- setUp -->
        <test-method status="PASS" signature="facultyAvailable()[pri:0, instance:com.jbk.Test.OperatorsPageTest@3a883ce7]" name="facultyAvailable" duration-ms="442" started-at="2021-11-15T22:16:46Z" finished-at="2021-11-15T22:16:46Z">
          <reporter-output>
          </reporter-output>
        </test-method> <!-- facultyAvailable -->
        <test-method status="PASS" signature="tearDown()[pri:0, instance:com.jbk.Test.OperatorsPageTest@3a883ce7]" name="tearDown" is-config="true" duration-ms="857" started-at="2021-11-15T22:16:46Z" finished-at="2021-11-15T22:16:47Z">
          <reporter-output>
          </reporter-output>
        </test-method> <!-- tearDown -->
        <test-method status="PASS" signature="setUp()[pri:0, instance:com.jbk.Test.OperatorsPageTest@3a883ce7]" name="setUp" is-config="true" duration-ms="4886" started-at="2021-11-15T22:16:47Z" finished-at="2021-11-15T22:16:52Z">
          <reporter-output>
          </reporter-output>
        </test-method> <!-- setUp -->
        <test-method status="PASS" signature="facultyAvailableMon_Sat()[pri:0, instance:com.jbk.Test.OperatorsPageTest@3a883ce7]" name="facultyAvailableMon_Sat" duration-ms="455" started-at="2021-11-15T22:16:52Z" finished-at="2021-11-15T22:16:52Z">
          <reporter-output>
          </reporter-output>
        </test-method> <!-- facultyAvailableMon_Sat -->
        <test-method status="PASS" signature="tearDown()[pri:0, instance:com.jbk.Test.OperatorsPageTest@3a883ce7]" name="tearDown" is-config="true" duration-ms="811" started-at="2021-11-15T22:16:52Z" finished-at="2021-11-15T22:16:53Z">
          <reporter-output>
          </reporter-output>
        </test-method> <!-- tearDown -->
        <test-method status="PASS" signature="setUp()[pri:0, instance:com.jbk.Test.OperatorsPageTest@3a883ce7]" name="setUp" is-config="true" duration-ms="4635" started-at="2021-11-15T22:16:53Z" finished-at="2021-11-15T22:16:58Z">
          <reporter-output>
          </reporter-output>
        </test-method> <!-- setUp -->
        <test-method status="PASS" signature="facultyNeelamFor()[pri:0, instance:com.jbk.Test.OperatorsPageTest@3a883ce7]" name="facultyNeelamFor" duration-ms="409" started-at="2021-11-15T22:16:58Z" finished-at="2021-11-15T22:16:58Z">
          <reporter-output>
          </reporter-output>
        </test-method> <!-- facultyNeelamFor -->
        <test-method status="PASS" signature="tearDown()[pri:0, instance:com.jbk.Test.OperatorsPageTest@3a883ce7]" name="tearDown" is-config="true" duration-ms="898" started-at="2021-11-15T22:16:58Z" finished-at="2021-11-15T22:16:59Z">
          <reporter-output>
          </reporter-output>
        </test-method> <!-- tearDown -->
        <test-method status="PASS" signature="setUp()[pri:0, instance:com.jbk.Test.OperatorsPageTest@3a883ce7]" name="setUp" is-config="true" duration-ms="4981" started-at="2021-11-15T22:16:59Z" finished-at="2021-11-15T22:17:04Z">
          <reporter-output>
          </reporter-output>
        </test-method> <!-- setUp -->
        <test-method status="PASS" signature="facultyNeelamTiming()[pri:0, instance:com.jbk.Test.OperatorsPageTest@3a883ce7]" name="facultyNeelamTiming" duration-ms="429" started-at="2021-11-15T22:17:04Z" finished-at="2021-11-15T22:17:04Z">
          <reporter-output>
          </reporter-output>
        </test-method> <!-- facultyNeelamTiming -->
        <test-method status="PASS" signature="tearDown()[pri:0, instance:com.jbk.Test.OperatorsPageTest@3a883ce7]" name="tearDown" is-config="true" duration-ms="826" started-at="2021-11-15T22:17:04Z" finished-at="2021-11-15T22:17:05Z">
          <reporter-output>
          </reporter-output>
        </test-method> <!-- tearDown -->
        <test-method status="PASS" signature="setUp()[pri:0, instance:com.jbk.Test.OperatorsPageTest@3a883ce7]" name="setUp" is-config="true" duration-ms="5029" started-at="2021-11-15T22:17:05Z" finished-at="2021-11-15T22:17:10Z">
          <reporter-output>
          </reporter-output>
        </test-method> <!-- setUp -->
        <test-method status="PASS" signature="verifyTableHeaderCount()[pri:0, instance:com.jbk.Test.OperatorsPageTest@3a883ce7]" name="verifyTableHeaderCount" duration-ms="536" started-at="2021-11-15T22:17:10Z" finished-at="2021-11-15T22:17:11Z">
          <reporter-output>
          </reporter-output>
        </test-method> <!-- verifyTableHeaderCount -->
        <test-method status="PASS" signature="tearDown()[pri:0, instance:com.jbk.Test.OperatorsPageTest@3a883ce7]" name="tearDown" is-config="true" duration-ms="834" started-at="2021-11-15T22:17:11Z" finished-at="2021-11-15T22:17:12Z">
          <reporter-output>
          </reporter-output>
        </test-method> <!-- tearDown -->
        <test-method status="PASS" signature="setUp()[pri:0, instance:com.jbk.Test.OperatorsPageTest@3a883ce7]" name="setUp" is-config="true" duration-ms="4931" started-at="2021-11-15T22:17:12Z" finished-at="2021-11-15T22:17:17Z">
          <reporter-output>
          </reporter-output>
        </test-method> <!-- setUp -->
        <test-method status="PASS" signature="verifyTechnicalJob()[pri:0, instance:com.jbk.Test.OperatorsPageTest@3a883ce7]" name="verifyTechnicalJob" duration-ms="504" started-at="2021-11-15T22:17:17Z" finished-at="2021-11-15T22:17:17Z">
          <reporter-output>
          </reporter-output>
        </test-method> <!-- verifyTechnicalJob -->
        <test-method status="PASS" signature="tearDown()[pri:0, instance:com.jbk.Test.OperatorsPageTest@3a883ce7]" name="tearDown" is-config="true" duration-ms="834" started-at="2021-11-15T22:17:17Z" finished-at="2021-11-15T22:17:18Z">
          <reporter-output>
          </reporter-output>
        </test-method> <!-- tearDown -->
        <test-method status="PASS" signature="setUp()[pri:0, instance:com.jbk.Test.OperatorsPageTest@3a883ce7]" name="setUp" is-config="true" duration-ms="4921" started-at="2021-11-15T22:17:18Z" finished-at="2021-11-15T22:17:23Z">
          <reporter-output>
          </reporter-output>
        </test-method> <!-- setUp -->
        <test-method status="PASS" signature="verifyTiming()[pri:0, instance:com.jbk.Test.OperatorsPageTest@3a883ce7]" name="verifyTiming" duration-ms="543" started-at="2021-11-15T22:17:23Z" finished-at="2021-11-15T22:17:23Z">
          <reporter-output>
          </reporter-output>
        </test-method> <!-- verifyTiming -->
        <test-method status="PASS" signature="tearDown()[pri:0, instance:com.jbk.Test.OperatorsPageTest@3a883ce7]" name="tearDown" is-config="true" duration-ms="845" started-at="2021-11-15T22:17:23Z" finished-at="2021-11-15T22:17:24Z">
          <reporter-output>
          </reporter-output>
        </test-method> <!-- tearDown -->
        <test-method status="PASS" signature="setUp()[pri:0, instance:com.jbk.Test.OperatorsPageTest@3a883ce7]" name="setUp" is-config="true" duration-ms="5093" started-at="2021-11-15T22:17:24Z" finished-at="2021-11-15T22:17:29Z">
          <reporter-output>
          </reporter-output>
        </test-method> <!-- setUp -->
        <test-method status="PASS" signature="verifyWhatsAppUser()[pri:0, instance:com.jbk.Test.OperatorsPageTest@3a883ce7]" name="verifyWhatsAppUser" duration-ms="732" started-at="2021-11-15T22:17:29Z" finished-at="2021-11-15T22:17:30Z">
          <reporter-output>
          </reporter-output>
        </test-method> <!-- verifyWhatsAppUser -->
        <test-method status="PASS" signature="tearDown()[pri:0, instance:com.jbk.Test.OperatorsPageTest@3a883ce7]" name="tearDown" is-config="true" duration-ms="885" started-at="2021-11-15T22:17:30Z" finished-at="2021-11-15T22:17:31Z">
          <reporter-output>
          </reporter-output>
        </test-method> <!-- tearDown -->
      </class> <!-- com.jbk.Test.OperatorsPageTest -->
      <class name="com.jbk.Test.DashboardPageTest">
        <test-method status="PASS" signature="setUp()[pri:0, instance:com.jbk.Test.DashboardPageTest@49fc609f]" name="setUp" is-config="true" duration-ms="6166" started-at="2021-11-15T22:14:49Z" finished-at="2021-11-15T22:14:55Z">
          <reporter-output>
          </reporter-output>
        </test-method> <!-- setUp -->
        <test-method status="PASS" signature="checkCourseDetails()[pri:0, instance:com.jbk.Test.DashboardPageTest@49fc609f]" name="checkCourseDetails" duration-ms="814" started-at="2021-11-15T22:14:55Z" finished-at="2021-11-15T22:14:56Z">
          <reporter-output>
          </reporter-output>
        </test-method> <!-- checkCourseDetails -->
        <test-method status="PASS" signature="tearDown()[pri:0, instance:com.jbk.Test.DashboardPageTest@49fc609f]" name="tearDown" is-config="true" duration-ms="834" started-at="2021-11-15T22:14:56Z" finished-at="2021-11-15T22:14:56Z">
          <reporter-output>
          </reporter-output>
        </test-method> <!-- tearDown -->
        <test-method status="PASS" signature="setUp()[pri:0, instance:com.jbk.Test.DashboardPageTest@49fc609f]" name="setUp" is-config="true" duration-ms="5386" started-at="2021-11-15T22:14:56Z" finished-at="2021-11-15T22:15:02Z">
          <reporter-output>
          </reporter-output>
        </test-method> <!-- setUp -->
        <test-method status="PASS" signature="checkCourseLink()[pri:0, instance:com.jbk.Test.DashboardPageTest@49fc609f]" name="checkCourseLink" duration-ms="374" started-at="2021-11-15T22:15:02Z" finished-at="2021-11-15T22:15:02Z">
          <reporter-output>
          </reporter-output>
        </test-method> <!-- checkCourseLink -->
        <test-method status="PASS" signature="tearDown()[pri:0, instance:com.jbk.Test.DashboardPageTest@49fc609f]" name="tearDown" is-config="true" duration-ms="892" started-at="2021-11-15T22:15:02Z" finished-at="2021-11-15T22:15:03Z">
          <reporter-output>
          </reporter-output>
        </test-method> <!-- tearDown -->
        <test-method status="PASS" signature="setUp()[pri:0, instance:com.jbk.Test.DashboardPageTest@49fc609f]" name="setUp" is-config="true" duration-ms="4624" started-at="2021-11-15T22:15:03Z" finished-at="2021-11-15T22:15:08Z">
          <reporter-output>
          </reporter-output>
        </test-method> <!-- setUp -->
        <test-method status="PASS" signature="checkCourseList()[pri:0, instance:com.jbk.Test.DashboardPageTest@49fc609f]" name="checkCourseList" duration-ms="552" started-at="2021-11-15T22:15:08Z" finished-at="2021-11-15T22:15:08Z">
          <reporter-output>
          </reporter-output>
        </test-method> <!-- checkCourseList -->
        <test-method status="PASS" signature="tearDown()[pri:0, instance:com.jbk.Test.DashboardPageTest@49fc609f]" name="tearDown" is-config="true" duration-ms="836" started-at="2021-11-15T22:15:08Z" finished-at="2021-11-15T22:15:09Z">
          <reporter-output>
          </reporter-output>
        </test-method> <!-- tearDown -->
        <test-method status="PASS" signature="setUp()[pri:0, instance:com.jbk.Test.DashboardPageTest@49fc609f]" name="setUp" is-config="true" duration-ms="4443" started-at="2021-11-15T22:15:09Z" finished-at="2021-11-15T22:15:14Z">
          <reporter-output>
          </reporter-output>
        </test-method> <!-- setUp -->
        <test-method status="FAIL" signature="checkCurrentURL()[pri:0, instance:com.jbk.Test.DashboardPageTest@49fc609f]" name="checkCurrentURL" duration-ms="39" started-at="2021-11-15T22:15:14Z" finished-at="2021-11-15T22:15:14Z">
          <exception class="java.lang.AssertionError">
            <message>
              <![CDATA[expected [file:///C:/Users/User/Downloads/Selenium%20Softwares/Offline%20Website/Offline%20Website/index.html] but found [file:///C:/Users/User/Downloads/Selenium%20Softwares/Offline%20Website/Offline%20Website/pages/examples/dashboard.html]]]>
            </message>
            <full-stacktrace>
              <![CDATA[java.lang.AssertionError: expected [file:///C:/Users/User/Downloads/Selenium%20Softwares/Offline%20Website/Offline%20Website/index.html] but found [file:///C:/Users/User/Downloads/Selenium%20Softwares/Offline%20Website/Offline%20Website/pages/examples/dashboard.html]at org.testng.Assert.fail(Assert.java:96)at org.testng.Assert.failNotEquals(Assert.java:776)at org.testng.Assert.assertEqualsImpl(Assert.java:137)at org.testng.Assert.assertEquals(Assert.java:118)at org.testng.Assert.assertEquals(Assert.java:453)at org.testng.Assert.assertEquals(Assert.java:463)at com.jbk.Test.DashboardPageTest.checkCurrentURL(DashboardPageTest.java:43)at sun.reflect.NativeMethodAccessorImpl.invoke0(Native Method)at sun.reflect.NativeMethodAccessorImpl.invoke(NativeMethodAccessorImpl.java:62)at sun.reflect.DelegatingMethodAccessorImpl.invoke(DelegatingMethodAccessorImpl.java:43)at java.lang.reflect.Method.invoke(Method.java:498)at org.testng.internal.MethodInvocationHelper.invokeMethod(MethodInvocationHelper.java:124)at org.testng.internal.Invoker.invokeMethod(Invoker.java:571)at org.testng.internal.Invoker.invokeTestMethod(Invoker.java:707)at org.testng.internal.Invoker.invokeTestMethods(Invoker.java:979)at org.testng.internal.TestMethodWorker.invokeTestMethods(TestMethodWorker.java:125)at org.testng.internal.TestMethodWorker.run(TestMethodWorker.java:109)at org.testng.TestRunner.privateRun(TestRunner.java:648)at org.testng.TestRunner.run(TestRunner.java:505)at org.testng.SuiteRunner.runTest(SuiteRunner.java:455)at org.testng.SuiteRunner.runSequentially(SuiteRunner.java:450)at org.testng.SuiteRunner.privateRun(SuiteRunner.java:415)at org.testng.SuiteRunner.run(SuiteRunner.java:364)at org.testng.SuiteRunnerWorker.runSuite(SuiteRunnerWorker.java:52)at org.testng.SuiteRunnerWorker.run(SuiteRunnerWorker.java:84)at org.testng.TestNG.runSuitesSequentially(TestNG.java:1187)at org.testng.TestNG.runSuitesLocally(TestNG.java:1116)at org.testng.TestNG.runSuites(TestNG.java:1028)at org.testng.TestNG.run(TestNG.java:996)at org.testng.remote.AbstractRemoteTestNG.run(AbstractRemoteTestNG.java:114)at org.testng.remote.RemoteTestNG.initAndRun(RemoteTestNG.java:251)at org.testng.remote.RemoteTestNG.main(RemoteTestNG.java:77)]]>
            </full-stacktrace>
          </exception> <!-- java.lang.AssertionError -->
          <reporter-output>
          </reporter-output>
        </test-method> <!-- checkCurrentURL -->
        <test-method status="PASS" signature="tearDown()[pri:0, instance:com.jbk.Test.DashboardPageTest@49fc609f]" name="tearDown" is-config="true" duration-ms="873" started-at="2021-11-15T22:15:14Z" finished-at="2021-11-15T22:15:14Z">
          <reporter-output>
          </reporter-output>
        </test-method> <!-- tearDown -->
        <test-method status="PASS" signature="setUp()[pri:0, instance:com.jbk.Test.DashboardPageTest@49fc609f]" name="setUp" is-config="true" duration-ms="4972" started-at="2021-11-15T22:15:14Z" finished-at="2021-11-15T22:15:19Z">
          <reporter-output>
          </reporter-output>
        </test-method> <!-- setUp -->
        <test-method status="PASS" signature="checkDownloadsLinkMenu()[pri:0, instance:com.jbk.Test.DashboardPageTest@49fc609f]" name="checkDownloadsLinkMenu" duration-ms="489" started-at="2021-11-15T22:15:19Z" finished-at="2021-11-15T22:15:20Z">
          <reporter-output>
          </reporter-output>
        </test-method> <!-- checkDownloadsLinkMenu -->
        <test-method status="PASS" signature="tearDown()[pri:0, instance:com.jbk.Test.DashboardPageTest@49fc609f]" name="tearDown" is-config="true" duration-ms="849" started-at="2021-11-15T22:15:20Z" finished-at="2021-11-15T22:15:21Z">
          <reporter-output>
          </reporter-output>
        </test-method> <!-- tearDown -->
        <test-method status="PASS" signature="setUp()[pri:0, instance:com.jbk.Test.DashboardPageTest@49fc609f]" name="setUp" is-config="true" duration-ms="4594" started-at="2021-11-15T22:15:21Z" finished-at="2021-11-15T22:15:25Z">
          <reporter-output>
          </reporter-output>
        </test-method> <!-- setUp -->
        <test-method status="PASS" signature="checkFooterLink()[pri:0, instance:com.jbk.Test.DashboardPageTest@49fc609f]" name="checkFooterLink" duration-ms="5306" started-at="2021-11-15T22:15:25Z" finished-at="2021-11-15T22:15:31Z">
          <reporter-output>
          </reporter-output>
        </test-method> <!-- checkFooterLink -->
        <test-method status="PASS" signature="tearDown()[pri:0, instance:com.jbk.Test.DashboardPageTest@49fc609f]" name="tearDown" is-config="true" duration-ms="942" started-at="2021-11-15T22:15:31Z" finished-at="2021-11-15T22:15:32Z">
          <reporter-output>
          </reporter-output>
        </test-method> <!-- tearDown -->
        <test-method status="PASS" signature="setUp()[pri:0, instance:com.jbk.Test.DashboardPageTest@49fc609f]" name="setUp" is-config="true" duration-ms="4691" started-at="2021-11-15T22:15:32Z" finished-at="2021-11-15T22:15:36Z">
          <reporter-output>
          </reporter-output>
        </test-method> <!-- setUp -->
        <test-method status="PASS" signature="checkLabel()[pri:0, instance:com.jbk.Test.DashboardPageTest@49fc609f]" name="checkLabel" duration-ms="136" started-at="2021-11-15T22:15:36Z" finished-at="2021-11-15T22:15:36Z">
          <reporter-output>
          </reporter-output>
        </test-method> <!-- checkLabel -->
        <test-method status="PASS" signature="tearDown()[pri:0, instance:com.jbk.Test.DashboardPageTest@49fc609f]" name="tearDown" is-config="true" duration-ms="835" started-at="2021-11-15T22:15:36Z" finished-at="2021-11-15T22:15:37Z">
          <reporter-output>
          </reporter-output>
        </test-method> <!-- tearDown -->
        <test-method status="PASS" signature="setUp()[pri:0, instance:com.jbk.Test.DashboardPageTest@49fc609f]" name="setUp" is-config="true" duration-ms="4974" started-at="2021-11-15T22:15:37Z" finished-at="2021-11-15T22:15:42Z">
          <reporter-output>
          </reporter-output>
        </test-method> <!-- setUp -->
        <test-method status="PASS" signature="checkLabel1()[pri:0, instance:com.jbk.Test.DashboardPageTest@49fc609f]" name="checkLabel1" duration-ms="145" started-at="2021-11-15T22:15:42Z" finished-at="2021-11-15T22:15:42Z">
          <reporter-output>
          </reporter-output>
        </test-method> <!-- checkLabel1 -->
        <test-method status="PASS" signature="tearDown()[pri:0, instance:com.jbk.Test.DashboardPageTest@49fc609f]" name="tearDown" is-config="true" duration-ms="892" started-at="2021-11-15T22:15:42Z" finished-at="2021-11-15T22:15:43Z">
          <reporter-output>
          </reporter-output>
        </test-method> <!-- tearDown -->
        <test-method status="PASS" signature="setUp()[pri:0, instance:com.jbk.Test.DashboardPageTest@49fc609f]" name="setUp" is-config="true" duration-ms="4467" started-at="2021-11-15T22:15:43Z" finished-at="2021-11-15T22:15:48Z">
          <reporter-output>
          </reporter-output>
        </test-method> <!-- setUp -->
        <test-method status="PASS" signature="checkLink()[pri:0, instance:com.jbk.Test.DashboardPageTest@49fc609f]" name="checkLink" duration-ms="193" started-at="2021-11-15T22:15:48Z" finished-at="2021-11-15T22:15:48Z">
          <reporter-output>
          </reporter-output>
        </test-method> <!-- checkLink -->
        <test-method status="PASS" signature="tearDown()[pri:0, instance:com.jbk.Test.DashboardPageTest@49fc609f]" name="tearDown" is-config="true" duration-ms="837" started-at="2021-11-15T22:15:48Z" finished-at="2021-11-15T22:15:49Z">
          <reporter-output>
          </reporter-output>
        </test-method> <!-- tearDown -->
        <test-method status="PASS" signature="setUp()[pri:0, instance:com.jbk.Test.DashboardPageTest@49fc609f]" name="setUp" is-config="true" duration-ms="4566" started-at="2021-11-15T22:15:49Z" finished-at="2021-11-15T22:15:53Z">
          <reporter-output>
          </reporter-output>
        </test-method> <!-- setUp -->
        <test-method status="PASS" signature="checkLogoutLink()[pri:0, instance:com.jbk.Test.DashboardPageTest@49fc609f]" name="checkLogoutLink" duration-ms="371" started-at="2021-11-15T22:15:53Z" finished-at="2021-11-15T22:15:54Z">
          <reporter-output>
          </reporter-output>
        </test-method> <!-- checkLogoutLink -->
        <test-method status="PASS" signature="tearDown()[pri:0, instance:com.jbk.Test.DashboardPageTest@49fc609f]" name="tearDown" is-config="true" duration-ms="852" started-at="2021-11-15T22:15:54Z" finished-at="2021-11-15T22:15:55Z">
          <reporter-output>
          </reporter-output>
        </test-method> <!-- tearDown -->
        <test-method status="PASS" signature="setUp()[pri:0, instance:com.jbk.Test.DashboardPageTest@49fc609f]" name="setUp" is-config="true" duration-ms="5092" started-at="2021-11-15T22:15:55Z" finished-at="2021-11-15T22:16:00Z">
          <reporter-output>
          </reporter-output>
        </test-method> <!-- setUp -->
        <test-method status="PASS" signature="checkOperatorsLinkMenu()[pri:0, instance:com.jbk.Test.DashboardPageTest@49fc609f]" name="checkOperatorsLinkMenu" duration-ms="453" started-at="2021-11-15T22:16:00Z" finished-at="2021-11-15T22:16:00Z">
          <reporter-output>
          </reporter-output>
        </test-method> <!-- checkOperatorsLinkMenu -->
        <test-method status="PASS" signature="tearDown()[pri:0, instance:com.jbk.Test.DashboardPageTest@49fc609f]" name="tearDown" is-config="true" duration-ms="841" started-at="2021-11-15T22:16:00Z" finished-at="2021-11-15T22:16:01Z">
          <reporter-output>
          </reporter-output>
        </test-method> <!-- tearDown -->
        <test-method status="PASS" signature="setUp()[pri:0, instance:com.jbk.Test.DashboardPageTest@49fc609f]" name="setUp" is-config="true" duration-ms="5007" started-at="2021-11-15T22:16:01Z" finished-at="2021-11-15T22:16:06Z">
          <reporter-output>
          </reporter-output>
        </test-method> <!-- setUp -->
        <test-method status="PASS" signature="checkSideBarMenuLinks()[pri:0, instance:com.jbk.Test.DashboardPageTest@49fc609f]" name="checkSideBarMenuLinks" duration-ms="705" started-at="2021-11-15T22:16:06Z" finished-at="2021-11-15T22:16:07Z">
          <reporter-output>
          </reporter-output>
        </test-method> <!-- checkSideBarMenuLinks -->
        <test-method status="PASS" signature="tearDown()[pri:0, instance:com.jbk.Test.DashboardPageTest@49fc609f]" name="tearDown" is-config="true" duration-ms="840" started-at="2021-11-15T22:16:07Z" finished-at="2021-11-15T22:16:08Z">
          <reporter-output>
          </reporter-output>
        </test-method> <!-- tearDown -->
        <test-method status="PASS" signature="setUp()[pri:0, instance:com.jbk.Test.DashboardPageTest@49fc609f]" name="setUp" is-config="true" duration-ms="4612" started-at="2021-11-15T22:16:08Z" finished-at="2021-11-15T22:16:12Z">
          <reporter-output>
          </reporter-output>
        </test-method> <!-- setUp -->
        <test-method status="PASS" signature="checkTitle()[pri:0, instance:com.jbk.Test.DashboardPageTest@49fc609f]" name="checkTitle" duration-ms="36" started-at="2021-11-15T22:16:12Z" finished-at="2021-11-15T22:16:12Z">
          <reporter-output>
          </reporter-output>
        </test-method> <!-- checkTitle -->
        <test-method status="PASS" signature="tearDown()[pri:0, instance:com.jbk.Test.DashboardPageTest@49fc609f]" name="tearDown" is-config="true" duration-ms="830" started-at="2021-11-15T22:16:12Z" finished-at="2021-11-15T22:16:13Z">
          <reporter-output>
          </reporter-output>
        </test-method> <!-- tearDown -->
        <test-method status="PASS" signature="setUp()[pri:0, instance:com.jbk.Test.DashboardPageTest@49fc609f]" name="setUp" is-config="true" duration-ms="4442" started-at="2021-11-15T22:16:13Z" finished-at="2021-11-15T22:16:17Z">
          <reporter-output>
          </reporter-output>
        </test-method> <!-- setUp -->
        <test-method status="PASS" signature="checkUsefulLinksMenu()[pri:0, instance:com.jbk.Test.DashboardPageTest@49fc609f]" name="checkUsefulLinksMenu" duration-ms="565" started-at="2021-11-15T22:16:17Z" finished-at="2021-11-15T22:16:18Z">
          <reporter-output>
          </reporter-output>
        </test-method> <!-- checkUsefulLinksMenu -->
        <test-method status="PASS" signature="tearDown()[pri:0, instance:com.jbk.Test.DashboardPageTest@49fc609f]" name="tearDown" is-config="true" duration-ms="1036" started-at="2021-11-15T22:16:18Z" finished-at="2021-11-15T22:16:19Z">
          <reporter-output>
          </reporter-output>
        </test-method> <!-- tearDown -->
        <test-method status="PASS" signature="setUp()[pri:0, instance:com.jbk.Test.DashboardPageTest@49fc609f]" name="setUp" is-config="true" duration-ms="4689" started-at="2021-11-15T22:16:19Z" finished-at="2021-11-15T22:16:24Z">
          <reporter-output>
          </reporter-output>
        </test-method> <!-- setUp -->
        <test-method status="PASS" signature="checkUsersLinkMenu()[pri:0, instance:com.jbk.Test.DashboardPageTest@49fc609f]" name="checkUsersLinkMenu" duration-ms="459" started-at="2021-11-15T22:16:24Z" finished-at="2021-11-15T22:16:24Z">
          <reporter-output>
          </reporter-output>
        </test-method> <!-- checkUsersLinkMenu -->
        <test-method status="PASS" signature="tearDown()[pri:0, instance:com.jbk.Test.DashboardPageTest@49fc609f]" name="tearDown" is-config="true" duration-ms="933" started-at="2021-11-15T22:16:24Z" finished-at="2021-11-15T22:16:25Z">
          <reporter-output>
          </reporter-output>
        </test-method> <!-- tearDown -->
      </class> <!-- com.jbk.Test.DashboardPageTest -->
      <class name="com.jbk.Test.UsersPageTest">
        <test-method status="PASS" signature="setUp()[pri:0, instance:com.jbk.Test.UsersPageTest@cd2dae5]" name="setUp" is-config="true" duration-ms="4975" started-at="2021-11-15T22:16:25Z" finished-at="2021-11-15T22:16:30Z">
          <reporter-output>
          </reporter-output>
        </test-method> <!-- setUp -->
        <test-method status="PASS" signature="addUserButton()[pri:0, instance:com.jbk.Test.UsersPageTest@cd2dae5]" name="addUserButton" duration-ms="751" started-at="2021-11-15T22:16:30Z" finished-at="2021-11-15T22:16:31Z">
          <reporter-output>
          </reporter-output>
        </test-method> <!-- addUserButton -->
        <test-method status="FAIL" signature="checkColumn()[pri:0, instance:com.jbk.Test.UsersPageTest@cd2dae5]" name="checkColumn" duration-ms="492" started-at="2021-11-15T22:16:31Z" finished-at="2021-11-15T22:16:31Z">
          <exception class="java.lang.AssertionError">
            <message>
              <![CDATA[Lists differ at element [1]: sagar@javabykiran.com != sagar@gmail.com expected [sagar@javabykiran.com] but found [sagar@gmail.com]]]>
            </message>
            <full-stacktrace>
              <![CDATA[java.lang.AssertionError: Lists differ at element [1]: sagar@javabykiran.com != sagar@gmail.com expected [sagar@javabykiran.com] but found [sagar@gmail.com]at org.testng.Assert.fail(Assert.java:96)at org.testng.Assert.failNotEquals(Assert.java:776)at org.testng.Assert.assertEqualsImpl(Assert.java:137)at org.testng.Assert.assertEquals(Assert.java:831)at org.testng.Assert.assertEquals(Assert.java:796)at com.jbk.Test.UsersPageTest.checkColumn(UsersPageTest.java:104)at sun.reflect.NativeMethodAccessorImpl.invoke0(Native Method)at sun.reflect.NativeMethodAccessorImpl.invoke(NativeMethodAccessorImpl.java:62)at sun.reflect.DelegatingMethodAccessorImpl.invoke(DelegatingMethodAccessorImpl.java:43)at java.lang.reflect.Method.invoke(Method.java:498)at org.testng.internal.MethodInvocationHelper.invokeMethod(MethodInvocationHelper.java:124)at org.testng.internal.Invoker.invokeMethod(Invoker.java:571)at org.testng.internal.Invoker.invokeTestMethod(Invoker.java:707)at org.testng.internal.Invoker.invokeTestMethods(Invoker.java:979)at org.testng.internal.TestMethodWorker.invokeTestMethods(TestMethodWorker.java:125)at org.testng.internal.TestMethodWorker.run(TestMethodWorker.java:109)at org.testng.TestRunner.privateRun(TestRunner.java:648)at org.testng.TestRunner.run(TestRunner.java:505)at org.testng.SuiteRunner.runTest(SuiteRunner.java:455)at org.testng.SuiteRunner.runSequentially(SuiteRunner.java:450)at org.testng.SuiteRunner.privateRun(SuiteRunner.java:415)at org.testng.SuiteRunner.run(SuiteRunner.java:364)at org.testng.SuiteRunnerWorker.runSuite(SuiteRunnerWorker.java:52)at org.testng.SuiteRunnerWorker.run(SuiteRunnerWorker.java:84)at org.testng.TestNG.runSuitesSequentially(TestNG.java:1187)at org.testng.TestNG.runSuitesLocally(TestNG.java:1116)at org.testng.TestNG.runSuites(TestNG.java:1028)at org.testng.TestNG.run(TestNG.java:996)at org.testng.remote.AbstractRemoteTestNG.run(AbstractRemoteTestNG.java:114)at org.testng.remote.RemoteTestNG.initAndRun(RemoteTestNG.java:251)at org.testng.remote.RemoteTestNG.main(RemoteTestNG.java:77)]]>
            </full-stacktrace>
          </exception> <!-- java.lang.AssertionError -->
          <reporter-output>
          </reporter-output>
        </test-method> <!-- checkColumn -->
        <test-method status="PASS" signature="checkColumnNames()[pri:0, instance:com.jbk.Test.UsersPageTest@cd2dae5]" name="checkColumnNames" duration-ms="629" started-at="2021-11-15T22:16:31Z" finished-at="2021-11-15T22:16:32Z">
          <reporter-output>
          </reporter-output>
        </test-method> <!-- checkColumnNames -->
        <test-method status="FAIL" signature="checkCurrentURL()[pri:0, instance:com.jbk.Test.UsersPageTest@cd2dae5]" name="checkCurrentURL" duration-ms="17" started-at="2021-11-15T22:16:32Z" finished-at="2021-11-15T22:16:32Z">
          <exception class="java.lang.AssertionError">
            <message>
              <![CDATA[expected [file:///C:/Users/User/Downloads/Offline%20Website/Offline%20Website/pages/examples/users.html] but found [file:///C:/Users/User/Downloads/Selenium%20Softwares/Offline%20Website/Offline%20Website/pages/examples/users.html]]]>
            </message>
            <full-stacktrace>
              <![CDATA[java.lang.AssertionError: expected [file:///C:/Users/User/Downloads/Offline%20Website/Offline%20Website/pages/examples/users.html] but found [file:///C:/Users/User/Downloads/Selenium%20Softwares/Offline%20Website/Offline%20Website/pages/examples/users.html]at org.testng.Assert.fail(Assert.java:96)at org.testng.Assert.failNotEquals(Assert.java:776)at org.testng.Assert.assertEqualsImpl(Assert.java:137)at org.testng.Assert.assertEquals(Assert.java:118)at org.testng.Assert.assertEquals(Assert.java:453)at org.testng.Assert.assertEquals(Assert.java:463)at com.jbk.Test.UsersPageTest.checkCurrentURL(UsersPageTest.java:46)at sun.reflect.NativeMethodAccessorImpl.invoke0(Native Method)at sun.reflect.NativeMethodAccessorImpl.invoke(NativeMethodAccessorImpl.java:62)at sun.reflect.DelegatingMethodAccessorImpl.invoke(DelegatingMethodAccessorImpl.java:43)at java.lang.reflect.Method.invoke(Method.java:498)at org.testng.internal.MethodInvocationHelper.invokeMethod(MethodInvocationHelper.java:124)at org.testng.internal.Invoker.invokeMethod(Invoker.java:571)at org.testng.internal.Invoker.invokeTestMethod(Invoker.java:707)at org.testng.internal.Invoker.invokeTestMethods(Invoker.java:979)at org.testng.internal.TestMethodWorker.invokeTestMethods(TestMethodWorker.java:125)at org.testng.internal.TestMethodWorker.run(TestMethodWorker.java:109)at org.testng.TestRunner.privateRun(TestRunner.java:648)at org.testng.TestRunner.run(TestRunner.java:505)at org.testng.SuiteRunner.runTest(SuiteRunner.java:455)at org.testng.SuiteRunner.runSequentially(SuiteRunner.java:450)at org.testng.SuiteRunner.privateRun(SuiteRunner.java:415)at org.testng.SuiteRunner.run(SuiteRunner.java:364)at org.testng.SuiteRunnerWorker.runSuite(SuiteRunnerWorker.java:52)at org.testng.SuiteRunnerWorker.run(SuiteRunnerWorker.java:84)at org.testng.TestNG.runSuitesSequentially(TestNG.java:1187)at org.testng.TestNG.runSuitesLocally(TestNG.java:1116)at org.testng.TestNG.runSuites(TestNG.java:1028)at org.testng.TestNG.run(TestNG.java:996)at org.testng.remote.AbstractRemoteTestNG.run(AbstractRemoteTestNG.java:114)at org.testng.remote.RemoteTestNG.initAndRun(RemoteTestNG.java:251)at org.testng.remote.RemoteTestNG.main(RemoteTestNG.java:77)]]>
            </full-stacktrace>
          </exception> <!-- java.lang.AssertionError -->
          <reporter-output>
          </reporter-output>
        </test-method> <!-- checkCurrentURL -->
        <test-method status="PASS" signature="checkFooterLink()[pri:0, instance:com.jbk.Test.UsersPageTest@cd2dae5]" name="checkFooterLink" duration-ms="285" started-at="2021-11-15T22:16:32Z" finished-at="2021-11-15T22:16:32Z">
          <reporter-output>
          </reporter-output>
        </test-method> <!-- checkFooterLink -->
        <test-method status="PASS" signature="checkHeading1()[pri:0, instance:com.jbk.Test.UsersPageTest@cd2dae5]" name="checkHeading1" duration-ms="206" started-at="2021-11-15T22:16:32Z" finished-at="2021-11-15T22:16:33Z">
          <reporter-output>
          </reporter-output>
        </test-method> <!-- checkHeading1 -->
        <test-method status="PASS" signature="checkLabel()[pri:0, instance:com.jbk.Test.UsersPageTest@cd2dae5]" name="checkLabel" duration-ms="167" started-at="2021-11-15T22:16:33Z" finished-at="2021-11-15T22:16:33Z">
          <reporter-output>
          </reporter-output>
        </test-method> <!-- checkLabel -->
        <test-method status="PASS" signature="checkLabel1()[pri:0, instance:com.jbk.Test.UsersPageTest@cd2dae5]" name="checkLabel1" duration-ms="389" started-at="2021-11-15T22:16:33Z" finished-at="2021-11-15T22:16:33Z">
          <reporter-output>
          </reporter-output>
        </test-method> <!-- checkLabel1 -->
        <test-method status="PASS" signature="checkLogoutLink()[pri:0, instance:com.jbk.Test.UsersPageTest@cd2dae5]" name="checkLogoutLink" duration-ms="470" started-at="2021-11-15T22:16:33Z" finished-at="2021-11-15T22:16:34Z">
          <reporter-output>
          </reporter-output>
        </test-method> <!-- checkLogoutLink -->
        <test-method status="FAIL" signature="checkTitle()[pri:0, instance:com.jbk.Test.UsersPageTest@cd2dae5]" name="checkTitle" duration-ms="14" started-at="2021-11-15T22:16:34Z" finished-at="2021-11-15T22:16:34Z">
          <exception class="java.lang.AssertionError">
            <message>
              <![CDATA[expected [JavaByKiran | User] but found [JavaByKiran | Log in]]]>
            </message>
            <full-stacktrace>
              <![CDATA[java.lang.AssertionError: expected [JavaByKiran | User] but found [JavaByKiran | Log in]at org.testng.Assert.fail(Assert.java:96)at org.testng.Assert.failNotEquals(Assert.java:776)at org.testng.Assert.assertEqualsImpl(Assert.java:137)at org.testng.Assert.assertEquals(Assert.java:118)at org.testng.Assert.assertEquals(Assert.java:453)at org.testng.Assert.assertEquals(Assert.java:463)at com.jbk.Test.UsersPageTest.checkTitle(UsersPageTest.java:38)at sun.reflect.NativeMethodAccessorImpl.invoke0(Native Method)at sun.reflect.NativeMethodAccessorImpl.invoke(NativeMethodAccessorImpl.java:62)at sun.reflect.DelegatingMethodAccessorImpl.invoke(DelegatingMethodAccessorImpl.java:43)at java.lang.reflect.Method.invoke(Method.java:498)at org.testng.internal.MethodInvocationHelper.invokeMethod(MethodInvocationHelper.java:124)at org.testng.internal.Invoker.invokeMethod(Invoker.java:571)at org.testng.internal.Invoker.invokeTestMethod(Invoker.java:707)at org.testng.internal.Invoker.invokeTestMethods(Invoker.java:979)at org.testng.internal.TestMethodWorker.invokeTestMethods(TestMethodWorker.java:125)at org.testng.internal.TestMethodWorker.run(TestMethodWorker.java:109)at org.testng.TestRunner.privateRun(TestRunner.java:648)at org.testng.TestRunner.run(TestRunner.java:505)at org.testng.SuiteRunner.runTest(SuiteRunner.java:455)at org.testng.SuiteRunner.runSequentially(SuiteRunner.java:450)at org.testng.SuiteRunner.privateRun(SuiteRunner.java:415)at org.testng.SuiteRunner.run(SuiteRunner.java:364)at org.testng.SuiteRunnerWorker.runSuite(SuiteRunnerWorker.java:52)at org.testng.SuiteRunnerWorker.run(SuiteRunnerWorker.java:84)at org.testng.TestNG.runSuitesSequentially(TestNG.java:1187)at org.testng.TestNG.runSuitesLocally(TestNG.java:1116)at org.testng.TestNG.runSuites(TestNG.java:1028)at org.testng.TestNG.run(TestNG.java:996)at org.testng.remote.AbstractRemoteTestNG.run(AbstractRemoteTestNG.java:114)at org.testng.remote.RemoteTestNG.initAndRun(RemoteTestNG.java:251)at org.testng.remote.RemoteTestNG.main(RemoteTestNG.java:77)]]>
            </full-stacktrace>
          </exception> <!-- java.lang.AssertionError -->
          <reporter-output>
          </reporter-output>
        </test-method> <!-- checkTitle -->
        <test-method status="PASS" signature="tearDown()[pri:0, instance:com.jbk.Test.UsersPageTest@cd2dae5]" name="tearDown" is-config="true" duration-ms="831" started-at="2021-11-15T22:16:34Z" finished-at="2021-11-15T22:16:34Z">
          <reporter-output>
          </reporter-output>
        </test-method> <!-- tearDown -->
      </class> <!-- com.jbk.Test.UsersPageTest -->
      <class name="com.jbk.Test.UsefulLinksPageTest">
        <test-method status="PASS" signature="setUp()[pri:0, instance:com.jbk.Test.UsefulLinksPageTest@4973813a]" name="setUp" is-config="true" duration-ms="5197" started-at="2021-11-15T22:17:31Z" finished-at="2021-11-15T22:17:36Z">
          <reporter-output>
          </reporter-output>
        </test-method> <!-- setUp -->
        <test-method status="PASS" signature="goBtn1Click()[pri:0, instance:com.jbk.Test.UsefulLinksPageTest@4973813a]" name="goBtn1Click" duration-ms="218" started-at="2021-11-15T22:17:36Z" finished-at="2021-11-15T22:17:36Z">
          <reporter-output>
          </reporter-output>
        </test-method> <!-- goBtn1Click -->
        <test-method status="PASS" signature="tearDown()[pri:0, instance:com.jbk.Test.UsefulLinksPageTest@4973813a]" name="tearDown" is-config="true" duration-ms="849" started-at="2021-11-15T22:17:36Z" finished-at="2021-11-15T22:17:37Z">
          <reporter-output>
          </reporter-output>
        </test-method> <!-- tearDown -->
        <test-method status="PASS" signature="setUp()[pri:0, instance:com.jbk.Test.UsefulLinksPageTest@4973813a]" name="setUp" is-config="true" duration-ms="5068" started-at="2021-11-15T22:17:37Z" finished-at="2021-11-15T22:17:42Z">
          <reporter-output>
          </reporter-output>
        </test-method> <!-- setUp -->
        <test-method status="PASS" signature="goBtn2Click()[pri:0, instance:com.jbk.Test.UsefulLinksPageTest@4973813a]" name="goBtn2Click" duration-ms="200" started-at="2021-11-15T22:17:42Z" finished-at="2021-11-15T22:17:42Z">
          <reporter-output>
          </reporter-output>
        </test-method> <!-- goBtn2Click -->
        <test-method status="PASS" signature="tearDown()[pri:0, instance:com.jbk.Test.UsefulLinksPageTest@4973813a]" name="tearDown" is-config="true" duration-ms="853" started-at="2021-11-15T22:17:42Z" finished-at="2021-11-15T22:17:43Z">
          <reporter-output>
          </reporter-output>
        </test-method> <!-- tearDown -->
        <test-method status="PASS" signature="setUp()[pri:0, instance:com.jbk.Test.UsefulLinksPageTest@4973813a]" name="setUp" is-config="true" duration-ms="5155" started-at="2021-11-15T22:17:43Z" finished-at="2021-11-15T22:17:48Z">
          <reporter-output>
          </reporter-output>
        </test-method> <!-- setUp -->
        <test-method status="PASS" signature="goBtn3Click()[pri:0, instance:com.jbk.Test.UsefulLinksPageTest@4973813a]" name="goBtn3Click" duration-ms="189" started-at="2021-11-15T22:17:48Z" finished-at="2021-11-15T22:17:49Z">
          <reporter-output>
          </reporter-output>
        </test-method> <!-- goBtn3Click -->
        <test-method status="PASS" signature="tearDown()[pri:0, instance:com.jbk.Test.UsefulLinksPageTest@4973813a]" name="tearDown" is-config="true" duration-ms="841" started-at="2021-11-15T22:17:49Z" finished-at="2021-11-15T22:17:50Z">
          <reporter-output>
          </reporter-output>
        </test-method> <!-- tearDown -->
        <test-method status="PASS" signature="setUp()[pri:0, instance:com.jbk.Test.UsefulLinksPageTest@4973813a]" name="setUp" is-config="true" duration-ms="5238" started-at="2021-11-15T22:17:50Z" finished-at="2021-11-15T22:17:55Z">
          <reporter-output>
          </reporter-output>
        </test-method> <!-- setUp -->
        <test-method status="PASS" signature="goBtn4Click()[pri:0, instance:com.jbk.Test.UsefulLinksPageTest@4973813a]" name="goBtn4Click" duration-ms="207" started-at="2021-11-15T22:17:55Z" finished-at="2021-11-15T22:17:55Z">
          <reporter-output>
          </reporter-output>
        </test-method> <!-- goBtn4Click -->
        <test-method status="PASS" signature="tearDown()[pri:0, instance:com.jbk.Test.UsefulLinksPageTest@4973813a]" name="tearDown" is-config="true" duration-ms="838" started-at="2021-11-15T22:17:55Z" finished-at="2021-11-15T22:17:56Z">
          <reporter-output>
          </reporter-output>
        </test-method> <!-- tearDown -->
        <test-method status="PASS" signature="setUp()[pri:0, instance:com.jbk.Test.UsefulLinksPageTest@4973813a]" name="setUp" is-config="true" duration-ms="5776" started-at="2021-11-15T22:17:56Z" finished-at="2021-11-15T22:18:02Z">
          <reporter-output>
          </reporter-output>
        </test-method> <!-- setUp -->
        <test-method status="PASS" signature="goBtn5Click()[pri:0, instance:com.jbk.Test.UsefulLinksPageTest@4973813a]" name="goBtn5Click" duration-ms="200" started-at="2021-11-15T22:18:02Z" finished-at="2021-11-15T22:18:02Z">
          <reporter-output>
          </reporter-output>
        </test-method> <!-- goBtn5Click -->
        <test-method status="PASS" signature="tearDown()[pri:0, instance:com.jbk.Test.UsefulLinksPageTest@4973813a]" name="tearDown" is-config="true" duration-ms="865" started-at="2021-11-15T22:18:02Z" finished-at="2021-11-15T22:18:03Z">
          <reporter-output>
          </reporter-output>
        </test-method> <!-- tearDown -->
        <test-method status="PASS" signature="setUp()[pri:0, instance:com.jbk.Test.UsefulLinksPageTest@4973813a]" name="setUp" is-config="true" duration-ms="5323" started-at="2021-11-15T22:18:03Z" finished-at="2021-11-15T22:18:08Z">
          <reporter-output>
          </reporter-output>
        </test-method> <!-- setUp -->
        <test-method status="PASS" signature="goBtn6Click()[pri:0, instance:com.jbk.Test.UsefulLinksPageTest@4973813a]" name="goBtn6Click" duration-ms="190" started-at="2021-11-15T22:18:08Z" finished-at="2021-11-15T22:18:08Z">
          <reporter-output>
          </reporter-output>
        </test-method> <!-- goBtn6Click -->
        <test-method status="PASS" signature="tearDown()[pri:0, instance:com.jbk.Test.UsefulLinksPageTest@4973813a]" name="tearDown" is-config="true" duration-ms="888" started-at="2021-11-15T22:18:08Z" finished-at="2021-11-15T22:18:09Z">
          <reporter-output>
          </reporter-output>
        </test-method> <!-- tearDown -->
      </class> <!-- com.jbk.Test.UsefulLinksPageTest -->
    </test> <!-- Java By Kiran Offline Website Automation  -->
  </suite> <!-- Suite -->
</testng-results>
