<?xml version="1.0" encoding="UTF-8"?>
<!-- Generated by org.testng.reporters.JUnitXMLReporter -->
<testsuite hostname="Sai" ignored="0" name="Java By Kiran Offline Website Automation " tests="48" failures="4" timestamp="15 Nov 2021 16:48:16 GMT" time="260.917" errors="0">
  <testcase name="checkCrediantialsPassword" time="0.829" classname="com.jbk.Test.LoginTest"/>
  <testcase name="checkValidCredentials" time="1.114" classname="com.jbk.Test.LoginTest"/>
  <testcase name="registrationPage" time="1.835" classname="com.jbk.Test.LoginTest"/>
  <testcase name="registrationPage" time="1.821" classname="com.jbk.Test.LoginTest"/>
  <testcase name="registrationPage" time="1.806" classname="com.jbk.Test.LoginTest"/>
  <testcase name="verifyImage" time="0.264" classname="com.jbk.Test.LoginTest"/>
  <testcase name="verifyTitle" time="0.022" classname="com.jbk.Test.LoginTest"/>
  <testcase name="checkCourseDetails" time="0.814" classname="com.jbk.Test.DashboardPageTest"/>
  <testcase name="checkCourseLink" time="0.374" classname="com.jbk.Test.DashboardPageTest"/>
  <testcase name="checkCourseList" time="0.552" classname="com.jbk.Test.DashboardPageTest"/>
  <testcase name="checkCurrentURL" time="0.039" classname="com.jbk.Test.DashboardPageTest">
    <failure type="java.lang.AssertionError" message="expected [file:///C:/Users/User/Downloads/Selenium%20Softwares/Offline%20Website/Offline%20Website/index.html] but found [file:///C:/Users/User/Downloads/Selenium%20Softwares/Offline%20Website/Offline%20Website/pages/examples/dashboard.html]">
      <![CDATA[java.lang.AssertionError: expected [file:///C:/Users/User/Downloads/Selenium%20Softwares/Offline%20Website/Offline%20Website/index.html] but found [file:///C:/Users/User/Downloads/Selenium%20Softwares/Offline%20Website/Offline%20Website/pages/examples/dashboard.html]at com.jbk.Test.DashboardPageTest.checkCurrentURL(DashboardPageTest.java:43)... Removed 31 stack frames]]>
    </failure>
  </testcase> <!-- checkCurrentURL -->
  <testcase name="checkDownloadsLinkMenu" time="0.489" classname="com.jbk.Test.DashboardPageTest"/>
  <testcase name="checkFooterLink" time="5.306" classname="com.jbk.Test.DashboardPageTest"/>
  <testcase name="checkLabel" time="0.136" classname="com.jbk.Test.DashboardPageTest"/>
  <testcase name="checkLabel1" time="0.145" classname="com.jbk.Test.DashboardPageTest"/>
  <testcase name="checkLink" time="0.193" classname="com.jbk.Test.DashboardPageTest"/>
  <testcase name="checkLogoutLink" time="0.371" classname="com.jbk.Test.DashboardPageTest"/>
  <testcase name="checkOperatorsLinkMenu" time="0.453" classname="com.jbk.Test.DashboardPageTest"/>
  <testcase name="checkSideBarMenuLinks" time="0.705" classname="com.jbk.Test.DashboardPageTest"/>
  <testcase name="checkTitle" time="0.036" classname="com.jbk.Test.DashboardPageTest"/>
  <testcase name="checkUsefulLinksMenu" time="0.565" classname="com.jbk.Test.DashboardPageTest"/>
  <testcase name="checkUsersLinkMenu" time="0.459" classname="com.jbk.Test.DashboardPageTest"/>
  <testcase name="addUserButton" time="0.751" classname="com.jbk.Test.UsersPageTest"/>
  <testcase name="checkColumn" time="0.492" classname="com.jbk.Test.UsersPageTest">
    <failure type="java.lang.AssertionError" message="Lists differ at element [1]: sagar@javabykiran.com != sagar@gmail.com expected [sagar@javabykiran.com] but found [sagar@gmail.com]">
      <![CDATA[java.lang.AssertionError: Lists differ at element [1]: sagar@javabykiran.com != sagar@gmail.com expected [sagar@javabykiran.com] but found [sagar@gmail.com]at com.jbk.Test.UsersPageTest.checkColumn(UsersPageTest.java:104)... Removed 30 stack frames]]>
    </failure>
  </testcase> <!-- checkColumn -->
  <testcase name="checkColumnNames" time="0.629" classname="com.jbk.Test.UsersPageTest"/>
  <testcase name="checkCurrentURL" time="0.017" classname="com.jbk.Test.UsersPageTest">
    <failure type="java.lang.AssertionError" message="expected [file:///C:/Users/User/Downloads/Offline%20Website/Offline%20Website/pages/examples/users.html] but found [file:///C:/Users/User/Downloads/Selenium%20Softwares/Offline%20Website/Offline%20Website/pages/examples/users.html]">
      <![CDATA[java.lang.AssertionError: expected [file:///C:/Users/User/Downloads/Offline%20Website/Offline%20Website/pages/examples/users.html] but found [file:///C:/Users/User/Downloads/Selenium%20Softwares/Offline%20Website/Offline%20Website/pages/examples/users.html]at com.jbk.Test.UsersPageTest.checkCurrentURL(UsersPageTest.java:46)... Removed 31 stack frames]]>
    </failure>
  </testcase> <!-- checkCurrentURL -->
  <testcase name="checkFooterLink" time="0.285" classname="com.jbk.Test.UsersPageTest"/>
  <testcase name="checkHeading1" time="0.206" classname="com.jbk.Test.UsersPageTest"/>
  <testcase name="checkLabel" time="0.167" classname="com.jbk.Test.UsersPageTest"/>
  <testcase name="checkLabel1" time="0.389" classname="com.jbk.Test.UsersPageTest"/>
  <testcase name="checkLogoutLink" time="0.47" classname="com.jbk.Test.UsersPageTest"/>
  <testcase name="checkTitle" time="0.014" classname="com.jbk.Test.UsersPageTest">
    <failure type="java.lang.AssertionError" message="expected [JavaByKiran | User] but found [JavaByKiran | Log in]">
      <![CDATA[java.lang.AssertionError: expected [JavaByKiran | User] but found [JavaByKiran | Log in]at com.jbk.Test.UsersPageTest.checkTitle(UsersPageTest.java:38)... Removed 31 stack frames]]>
    </failure>
  </testcase> <!-- checkTitle -->
  <testcase name="checkTitle" time="0.016" classname="com.jbk.Test.OperatorsPageTest"/>
  <testcase name="facultyAvailable" time="0.442" classname="com.jbk.Test.OperatorsPageTest"/>
  <testcase name="facultyAvailableMon_Sat" time="0.455" classname="com.jbk.Test.OperatorsPageTest"/>
  <testcase name="facultyNeelamFor" time="0.409" classname="com.jbk.Test.OperatorsPageTest"/>
  <testcase name="facultyNeelamTiming" time="0.429" classname="com.jbk.Test.OperatorsPageTest"/>
  <testcase name="verifyTableHeaderCount" time="0.536" classname="com.jbk.Test.OperatorsPageTest"/>
  <testcase name="verifyTechnicalJob" time="0.504" classname="com.jbk.Test.OperatorsPageTest"/>
  <testcase name="verifyTiming" time="0.543" classname="com.jbk.Test.OperatorsPageTest"/>
  <testcase name="verifyWhatsAppUser" time="0.732" classname="com.jbk.Test.OperatorsPageTest"/>
  <testcase name="goBtn1Click" time="0.218" classname="com.jbk.Test.UsefulLinksPageTest"/>
  <testcase name="goBtn2Click" time="0.2" classname="com.jbk.Test.UsefulLinksPageTest"/>
  <testcase name="goBtn3Click" time="0.189" classname="com.jbk.Test.UsefulLinksPageTest"/>
  <testcase name="goBtn4Click" time="0.207" classname="com.jbk.Test.UsefulLinksPageTest"/>
  <testcase name="goBtn5Click" time="0.2" classname="com.jbk.Test.UsefulLinksPageTest"/>
  <testcase name="goBtn6Click" time="0.19" classname="com.jbk.Test.UsefulLinksPageTest"/>
  <testcase name="verifyTitle" time="0.012" classname="com.jbk.Test.DownloadsPageTest"/>
</testsuite> <!-- Java By Kiran Offline Website Automation  -->
