<html>
<head>
<title>TestNG:  Java By Kiran Offline Website Automation </title>
<link href="../testng.css" rel="stylesheet" type="text/css" />
<link href="../my-testng.css" rel="stylesheet" type="text/css" />

<style type="text/css">
.log { display: none;} 
.stack-trace { display: none;} 
</style>
<script type="text/javascript">
<!--
function flip(e) {
  current = e.style.display;
  if (current == 'block') {
    e.style.display = 'none';
    return 0;
  }
  else {
    e.style.display = 'block';
    return 1;
  }
}

function toggleBox(szDivId, elem, msg1, msg2)
{
  var res = -1;  if (document.getElementById) {
    res = flip(document.getElementById(szDivId));
  }
  else if (document.all) {
    // this is the way old msie versions work
    res = flip(document.all[szDivId]);
  }
  if(elem) {
    if(res == 0) elem.innerHTML = msg1; else elem.innerHTML = msg2;
  }

}

function toggleAllBoxes() {
  if (document.getElementsByTagName) {
    d = document.getElementsByTagName('div');
    for (i = 0; i < d.length; i++) {
      if (d[i].className == 'log') {
        flip(d[i]);
      }
    }
  }
}

// -->
</script>

</head>
<body>
<h2 align='center'>Java By Kiran Offline Website Automation </h2><table border='1' align="center">
<tr>
<td>Tests passed/Failed/Skipped:</td><td>44/4/0</td>
</tr><tr>
<td>Started on:</td><td>Mon Nov 15 22:13:55 IST 2021</td>
</tr>
<tr><td>Total time:</td><td>260 seconds (260917 ms)</td>
</tr><tr>
<td>Included groups:</td><td></td>
</tr><tr>
<td>Excluded groups:</td><td></td>
</tr>
</table><p/>
<small><i>(Hover the method name to see the test class name)</i></small><p/>
<table width='100%' border='1' class='invocation-failed'>
<tr><td colspan='4' align='center'><b>FAILED TESTS</b></td></tr>
<tr><td><b>Test method</b></td>
<td width="30%"><b>Exception</b></td>
<td width="10%"><b>Time (seconds)</b></td>
<td><b>Instance</b></td>
</tr>
<tr>
<td title='com.jbk.Test.UsersPageTest.checkColumn()'><b>checkColumn</b><br>Test class: com.jbk.Test.UsersPageTest</td>
<td><div><pre>java.lang.AssertionError: Lists differ at element [1]: sagar@javabykiran.com != sagar@gmail.com expected [sagar@javabykiran.com] but found [sagar@gmail.com]
	at com.jbk.Test.UsersPageTest.checkColumn(UsersPageTest.java:104)
... Removed 30 stack frames</pre></div><a href='#' onClick='toggleBox("stack-trace1796938191", this, "Click to show all stack frames", "Click to hide stack frames")'>Click to show all stack frames</a>
<div class='stack-trace' id='stack-trace1796938191'><pre>java.lang.AssertionError: Lists differ at element [1]: sagar@javabykiran.com != sagar@gmail.com expected [sagar@javabykiran.com] but found [sagar@gmail.com]
	at org.testng.Assert.fail(Assert.java:96)
	at org.testng.Assert.failNotEquals(Assert.java:776)
	at org.testng.Assert.assertEqualsImpl(Assert.java:137)
	at org.testng.Assert.assertEquals(Assert.java:831)
	at org.testng.Assert.assertEquals(Assert.java:796)
	at com.jbk.Test.UsersPageTest.checkColumn(UsersPageTest.java:104)
	at sun.reflect.NativeMethodAccessorImpl.invoke0(Native Method)
	at sun.reflect.NativeMethodAccessorImpl.invoke(NativeMethodAccessorImpl.java:62)
	at sun.reflect.DelegatingMethodAccessorImpl.invoke(DelegatingMethodAccessorImpl.java:43)
	at java.lang.reflect.Method.invoke(Method.java:498)
	at org.testng.internal.MethodInvocationHelper.invokeMethod(MethodInvocationHelper.java:124)
	at org.testng.internal.Invoker.invokeMethod(Invoker.java:571)
	at org.testng.internal.Invoker.invokeTestMethod(Invoker.java:707)
	at org.testng.internal.Invoker.invokeTestMethods(Invoker.java:979)
	at org.testng.internal.TestMethodWorker.invokeTestMethods(TestMethodWorker.java:125)
	at org.testng.internal.TestMethodWorker.run(TestMethodWorker.java:109)
	at org.testng.TestRunner.privateRun(TestRunner.java:648)
	at org.testng.TestRunner.run(TestRunner.java:505)
	at org.testng.SuiteRunner.runTest(SuiteRunner.java:455)
	at org.testng.SuiteRunner.runSequentially(SuiteRunner.java:450)
	at org.testng.SuiteRunner.privateRun(SuiteRunner.java:415)
	at org.testng.SuiteRunner.run(SuiteRunner.java:364)
	at org.testng.SuiteRunnerWorker.runSuite(SuiteRunnerWorker.java:52)
	at org.testng.SuiteRunnerWorker.run(SuiteRunnerWorker.java:84)
	at org.testng.TestNG.runSuitesSequentially(TestNG.java:1187)
	at org.testng.TestNG.runSuitesLocally(TestNG.java:1116)
	at org.testng.TestNG.runSuites(TestNG.java:1028)
	at org.testng.TestNG.run(TestNG.java:996)
	at org.testng.remote.AbstractRemoteTestNG.run(AbstractRemoteTestNG.java:114)
	at org.testng.remote.RemoteTestNG.initAndRun(RemoteTestNG.java:251)
	at org.testng.remote.RemoteTestNG.main(RemoteTestNG.java:77)
</pre></div></td>
<td>0</td>
<td>com.jbk.Test.UsersPageTest@cd2dae5</td></tr>
<tr>
<td title='com.jbk.Test.DashboardPageTest.checkCurrentURL()'><b>checkCurrentURL</b><br>Test class: com.jbk.Test.DashboardPageTest</td>
<td><div><pre>java.lang.AssertionError: expected [file:///C:/Users/User/Downloads/Selenium%20Softwares/Offline%20Website/Offline%20Website/index.html] but found [file:///C:/Users/User/Downloads/Selenium%20Softwares/Offline%20Website/Offline%20Website/pages/examples/dashboard.html]
	at com.jbk.Test.DashboardPageTest.checkCurrentURL(DashboardPageTest.java:43)
... Removed 31 stack frames</pre></div><a href='#' onClick='toggleBox("stack-trace1681215776", this, "Click to show all stack frames", "Click to hide stack frames")'>Click to show all stack frames</a>
<div class='stack-trace' id='stack-trace1681215776'><pre>java.lang.AssertionError: expected [file:///C:/Users/User/Downloads/Selenium%20Softwares/Offline%20Website/Offline%20Website/index.html] but found [file:///C:/Users/User/Downloads/Selenium%20Softwares/Offline%20Website/Offline%20Website/pages/examples/dashboard.html]
	at org.testng.Assert.fail(Assert.java:96)
	at org.testng.Assert.failNotEquals(Assert.java:776)
	at org.testng.Assert.assertEqualsImpl(Assert.java:137)
	at org.testng.Assert.assertEquals(Assert.java:118)
	at org.testng.Assert.assertEquals(Assert.java:453)
	at org.testng.Assert.assertEquals(Assert.java:463)
	at com.jbk.Test.DashboardPageTest.checkCurrentURL(DashboardPageTest.java:43)
	at sun.reflect.NativeMethodAccessorImpl.invoke0(Native Method)
	at sun.reflect.NativeMethodAccessorImpl.invoke(NativeMethodAccessorImpl.java:62)
	at sun.reflect.DelegatingMethodAccessorImpl.invoke(DelegatingMethodAccessorImpl.java:43)
	at java.lang.reflect.Method.invoke(Method.java:498)
	at org.testng.internal.MethodInvocationHelper.invokeMethod(MethodInvocationHelper.java:124)
	at org.testng.internal.Invoker.invokeMethod(Invoker.java:571)
	at org.testng.internal.Invoker.invokeTestMethod(Invoker.java:707)
	at org.testng.internal.Invoker.invokeTestMethods(Invoker.java:979)
	at org.testng.internal.TestMethodWorker.invokeTestMethods(TestMethodWorker.java:125)
	at org.testng.internal.TestMethodWorker.run(TestMethodWorker.java:109)
	at org.testng.TestRunner.privateRun(TestRunner.java:648)
	at org.testng.TestRunner.run(TestRunner.java:505)
	at org.testng.SuiteRunner.runTest(SuiteRunner.java:455)
	at org.testng.SuiteRunner.runSequentially(SuiteRunner.java:450)
	at org.testng.SuiteRunner.privateRun(SuiteRunner.java:415)
	at org.testng.SuiteRunner.run(SuiteRunner.java:364)
	at org.testng.SuiteRunnerWorker.runSuite(SuiteRunnerWorker.java:52)
	at org.testng.SuiteRunnerWorker.run(SuiteRunnerWorker.java:84)
	at org.testng.TestNG.runSuitesSequentially(TestNG.java:1187)
	at org.testng.TestNG.runSuitesLocally(TestNG.java:1116)
	at org.testng.TestNG.runSuites(TestNG.java:1028)
	at org.testng.TestNG.run(TestNG.java:996)
	at org.testng.remote.AbstractRemoteTestNG.run(AbstractRemoteTestNG.java:114)
	at org.testng.remote.RemoteTestNG.initAndRun(RemoteTestNG.java:251)
	at org.testng.remote.RemoteTestNG.main(RemoteTestNG.java:77)
</pre></div></td>
<td>0</td>
<td>com.jbk.Test.DashboardPageTest@49fc609f</td></tr>
<tr>
<td title='com.jbk.Test.UsersPageTest.checkCurrentURL()'><b>checkCurrentURL</b><br>Test class: com.jbk.Test.UsersPageTest</td>
<td><div><pre>java.lang.AssertionError: expected [file:///C:/Users/User/Downloads/Offline%20Website/Offline%20Website/pages/examples/users.html] but found [file:///C:/Users/User/Downloads/Selenium%20Softwares/Offline%20Website/Offline%20Website/pages/examples/users.html]
	at com.jbk.Test.UsersPageTest.checkCurrentURL(UsersPageTest.java:46)
... Removed 31 stack frames</pre></div><a href='#' onClick='toggleBox("stack-trace1454942961", this, "Click to show all stack frames", "Click to hide stack frames")'>Click to show all stack frames</a>
<div class='stack-trace' id='stack-trace1454942961'><pre>java.lang.AssertionError: expected [file:///C:/Users/User/Downloads/Offline%20Website/Offline%20Website/pages/examples/users.html] but found [file:///C:/Users/User/Downloads/Selenium%20Softwares/Offline%20Website/Offline%20Website/pages/examples/users.html]
	at org.testng.Assert.fail(Assert.java:96)
	at org.testng.Assert.failNotEquals(Assert.java:776)
	at org.testng.Assert.assertEqualsImpl(Assert.java:137)
	at org.testng.Assert.assertEquals(Assert.java:118)
	at org.testng.Assert.assertEquals(Assert.java:453)
	at org.testng.Assert.assertEquals(Assert.java:463)
	at com.jbk.Test.UsersPageTest.checkCurrentURL(UsersPageTest.java:46)
	at sun.reflect.NativeMethodAccessorImpl.invoke0(Native Method)
	at sun.reflect.NativeMethodAccessorImpl.invoke(NativeMethodAccessorImpl.java:62)
	at sun.reflect.DelegatingMethodAccessorImpl.invoke(DelegatingMethodAccessorImpl.java:43)
	at java.lang.reflect.Method.invoke(Method.java:498)
	at org.testng.internal.MethodInvocationHelper.invokeMethod(MethodInvocationHelper.java:124)
	at org.testng.internal.Invoker.invokeMethod(Invoker.java:571)
	at org.testng.internal.Invoker.invokeTestMethod(Invoker.java:707)
	at org.testng.internal.Invoker.invokeTestMethods(Invoker.java:979)
	at org.testng.internal.TestMethodWorker.invokeTestMethods(TestMethodWorker.java:125)
	at org.testng.internal.TestMethodWorker.run(TestMethodWorker.java:109)
	at org.testng.TestRunner.privateRun(TestRunner.java:648)
	at org.testng.TestRunner.run(TestRunner.java:505)
	at org.testng.SuiteRunner.runTest(SuiteRunner.java:455)
	at org.testng.SuiteRunner.runSequentially(SuiteRunner.java:450)
	at org.testng.SuiteRunner.privateRun(SuiteRunner.java:415)
	at org.testng.SuiteRunner.run(SuiteRunner.java:364)
	at org.testng.SuiteRunnerWorker.runSuite(SuiteRunnerWorker.java:52)
	at org.testng.SuiteRunnerWorker.run(SuiteRunnerWorker.java:84)
	at org.testng.TestNG.runSuitesSequentially(TestNG.java:1187)
	at org.testng.TestNG.runSuitesLocally(TestNG.java:1116)
	at org.testng.TestNG.runSuites(TestNG.java:1028)
	at org.testng.TestNG.run(TestNG.java:996)
	at org.testng.remote.AbstractRemoteTestNG.run(AbstractRemoteTestNG.java:114)
	at org.testng.remote.RemoteTestNG.initAndRun(RemoteTestNG.java:251)
	at org.testng.remote.RemoteTestNG.main(RemoteTestNG.java:77)
</pre></div></td>
<td>0</td>
<td>com.jbk.Test.UsersPageTest@cd2dae5</td></tr>
<tr>
<td title='com.jbk.Test.UsersPageTest.checkTitle()'><b>checkTitle</b><br>Test class: com.jbk.Test.UsersPageTest</td>
<td><div><pre>java.lang.AssertionError: expected [JavaByKiran | User] but found [JavaByKiran | Log in]
	at com.jbk.Test.UsersPageTest.checkTitle(UsersPageTest.java:38)
... Removed 31 stack frames</pre></div><a href='#' onClick='toggleBox("stack-trace1500820019", this, "Click to show all stack frames", "Click to hide stack frames")'>Click to show all stack frames</a>
<div class='stack-trace' id='stack-trace1500820019'><pre>java.lang.AssertionError: expected [JavaByKiran | User] but found [JavaByKiran | Log in]
	at org.testng.Assert.fail(Assert.java:96)
	at org.testng.Assert.failNotEquals(Assert.java:776)
	at org.testng.Assert.assertEqualsImpl(Assert.java:137)
	at org.testng.Assert.assertEquals(Assert.java:118)
	at org.testng.Assert.assertEquals(Assert.java:453)
	at org.testng.Assert.assertEquals(Assert.java:463)
	at com.jbk.Test.UsersPageTest.checkTitle(UsersPageTest.java:38)
	at sun.reflect.NativeMethodAccessorImpl.invoke0(Native Method)
	at sun.reflect.NativeMethodAccessorImpl.invoke(NativeMethodAccessorImpl.java:62)
	at sun.reflect.DelegatingMethodAccessorImpl.invoke(DelegatingMethodAccessorImpl.java:43)
	at java.lang.reflect.Method.invoke(Method.java:498)
	at org.testng.internal.MethodInvocationHelper.invokeMethod(MethodInvocationHelper.java:124)
	at org.testng.internal.Invoker.invokeMethod(Invoker.java:571)
	at org.testng.internal.Invoker.invokeTestMethod(Invoker.java:707)
	at org.testng.internal.Invoker.invokeTestMethods(Invoker.java:979)
	at org.testng.internal.TestMethodWorker.invokeTestMethods(TestMethodWorker.java:125)
	at org.testng.internal.TestMethodWorker.run(TestMethodWorker.java:109)
	at org.testng.TestRunner.privateRun(TestRunner.java:648)
	at org.testng.TestRunner.run(TestRunner.java:505)
	at org.testng.SuiteRunner.runTest(SuiteRunner.java:455)
	at org.testng.SuiteRunner.runSequentially(SuiteRunner.java:450)
	at org.testng.SuiteRunner.privateRun(SuiteRunner.java:415)
	at org.testng.SuiteRunner.run(SuiteRunner.java:364)
	at org.testng.SuiteRunnerWorker.runSuite(SuiteRunnerWorker.java:52)
	at org.testng.SuiteRunnerWorker.run(SuiteRunnerWorker.java:84)
	at org.testng.TestNG.runSuitesSequentially(TestNG.java:1187)
	at org.testng.TestNG.runSuitesLocally(TestNG.java:1116)
	at org.testng.TestNG.runSuites(TestNG.java:1028)
	at org.testng.TestNG.run(TestNG.java:996)
	at org.testng.remote.AbstractRemoteTestNG.run(AbstractRemoteTestNG.java:114)
	at org.testng.remote.RemoteTestNG.initAndRun(RemoteTestNG.java:251)
	at org.testng.remote.RemoteTestNG.main(RemoteTestNG.java:77)
</pre></div></td>
<td>0</td>
<td>com.jbk.Test.UsersPageTest@cd2dae5</td></tr>
</table><p>
<table width='100%' border='1' class='invocation-passed'>
<tr><td colspan='4' align='center'><b>PASSED TESTS</b></td></tr>
<tr><td><b>Test method</b></td>
<td width="30%"><b>Exception</b></td>
<td width="10%"><b>Time (seconds)</b></td>
<td><b>Instance</b></td>
</tr>
<tr>
<td title='com.jbk.Test.UsersPageTest.addUserButton()'><b>addUserButton</b><br>Test class: com.jbk.Test.UsersPageTest</td>
<td></td>
<td>0</td>
<td>com.jbk.Test.UsersPageTest@cd2dae5</td></tr>
<tr>
<td title='com.jbk.Test.UsersPageTest.checkColumnNames()'><b>checkColumnNames</b><br>Test class: com.jbk.Test.UsersPageTest</td>
<td></td>
<td>0</td>
<td>com.jbk.Test.UsersPageTest@cd2dae5</td></tr>
<tr>
<td title='com.jbk.Test.DashboardPageTest.checkCourseDetails()'><b>checkCourseDetails</b><br>Test class: com.jbk.Test.DashboardPageTest</td>
<td></td>
<td>0</td>
<td>com.jbk.Test.DashboardPageTest@49fc609f</td></tr>
<tr>
<td title='com.jbk.Test.DashboardPageTest.checkCourseLink()'><b>checkCourseLink</b><br>Test class: com.jbk.Test.DashboardPageTest</td>
<td></td>
<td>0</td>
<td>com.jbk.Test.DashboardPageTest@49fc609f</td></tr>
<tr>
<td title='com.jbk.Test.DashboardPageTest.checkCourseList()'><b>checkCourseList</b><br>Test class: com.jbk.Test.DashboardPageTest</td>
<td></td>
<td>0</td>
<td>com.jbk.Test.DashboardPageTest@49fc609f</td></tr>
<tr>
<td title='com.jbk.Test.LoginTest.checkCrediantialsPassword()'><b>checkCrediantialsPassword</b><br>Test class: com.jbk.Test.LoginTest</td>
<td></td>
<td>0</td>
<td>com.jbk.Test.LoginTest@3d99d22e</td></tr>
<tr>
<td title='com.jbk.Test.DashboardPageTest.checkDownloadsLinkMenu()'><b>checkDownloadsLinkMenu</b><br>Test class: com.jbk.Test.DashboardPageTest</td>
<td></td>
<td>0</td>
<td>com.jbk.Test.DashboardPageTest@49fc609f</td></tr>
<tr>
<td title='com.jbk.Test.DashboardPageTest.checkFooterLink()'><b>checkFooterLink</b><br>Test class: com.jbk.Test.DashboardPageTest</td>
<td></td>
<td>5</td>
<td>com.jbk.Test.DashboardPageTest@49fc609f</td></tr>
<tr>
<td title='com.jbk.Test.UsersPageTest.checkFooterLink()'><b>checkFooterLink</b><br>Test class: com.jbk.Test.UsersPageTest</td>
<td></td>
<td>0</td>
<td>com.jbk.Test.UsersPageTest@cd2dae5</td></tr>
<tr>
<td title='com.jbk.Test.UsersPageTest.checkHeading1()'><b>checkHeading1</b><br>Test class: com.jbk.Test.UsersPageTest</td>
<td></td>
<td>0</td>
<td>com.jbk.Test.UsersPageTest@cd2dae5</td></tr>
<tr>
<td title='com.jbk.Test.DashboardPageTest.checkLabel()'><b>checkLabel</b><br>Test class: com.jbk.Test.DashboardPageTest</td>
<td></td>
<td>0</td>
<td>com.jbk.Test.DashboardPageTest@49fc609f</td></tr>
<tr>
<td title='com.jbk.Test.UsersPageTest.checkLabel()'><b>checkLabel</b><br>Test class: com.jbk.Test.UsersPageTest</td>
<td></td>
<td>0</td>
<td>com.jbk.Test.UsersPageTest@cd2dae5</td></tr>
<tr>
<td title='com.jbk.Test.DashboardPageTest.checkLabel1()'><b>checkLabel1</b><br>Test class: com.jbk.Test.DashboardPageTest</td>
<td></td>
<td>0</td>
<td>com.jbk.Test.DashboardPageTest@49fc609f</td></tr>
<tr>
<td title='com.jbk.Test.UsersPageTest.checkLabel1()'><b>checkLabel1</b><br>Test class: com.jbk.Test.UsersPageTest</td>
<td></td>
<td>0</td>
<td>com.jbk.Test.UsersPageTest@cd2dae5</td></tr>
<tr>
<td title='com.jbk.Test.DashboardPageTest.checkLink()'><b>checkLink</b><br>Test class: com.jbk.Test.DashboardPageTest</td>
<td></td>
<td>0</td>
<td>com.jbk.Test.DashboardPageTest@49fc609f</td></tr>
<tr>
<td title='com.jbk.Test.DashboardPageTest.checkLogoutLink()'><b>checkLogoutLink</b><br>Test class: com.jbk.Test.DashboardPageTest</td>
<td></td>
<td>0</td>
<td>com.jbk.Test.DashboardPageTest@49fc609f</td></tr>
<tr>
<td title='com.jbk.Test.UsersPageTest.checkLogoutLink()'><b>checkLogoutLink</b><br>Test class: com.jbk.Test.UsersPageTest</td>
<td></td>
<td>0</td>
<td>com.jbk.Test.UsersPageTest@cd2dae5</td></tr>
<tr>
<td title='com.jbk.Test.DashboardPageTest.checkOperatorsLinkMenu()'><b>checkOperatorsLinkMenu</b><br>Test class: com.jbk.Test.DashboardPageTest</td>
<td></td>
<td>0</td>
<td>com.jbk.Test.DashboardPageTest@49fc609f</td></tr>
<tr>
<td title='com.jbk.Test.DashboardPageTest.checkSideBarMenuLinks()'><b>checkSideBarMenuLinks</b><br>Test class: com.jbk.Test.DashboardPageTest</td>
<td></td>
<td>0</td>
<td>com.jbk.Test.DashboardPageTest@49fc609f</td></tr>
<tr>
<td title='com.jbk.Test.DashboardPageTest.checkTitle()'><b>checkTitle</b><br>Test class: com.jbk.Test.DashboardPageTest</td>
<td></td>
<td>0</td>
<td>com.jbk.Test.DashboardPageTest@49fc609f</td></tr>
<tr>
<td title='com.jbk.Test.OperatorsPageTest.checkTitle()'><b>checkTitle</b><br>Test class: com.jbk.Test.OperatorsPageTest</td>
<td></td>
<td>0</td>
<td>com.jbk.Test.OperatorsPageTest@3a883ce7</td></tr>
<tr>
<td title='com.jbk.Test.DashboardPageTest.checkUsefulLinksMenu()'><b>checkUsefulLinksMenu</b><br>Test class: com.jbk.Test.DashboardPageTest</td>
<td></td>
<td>0</td>
<td>com.jbk.Test.DashboardPageTest@49fc609f</td></tr>
<tr>
<td title='com.jbk.Test.DashboardPageTest.checkUsersLinkMenu()'><b>checkUsersLinkMenu</b><br>Test class: com.jbk.Test.DashboardPageTest</td>
<td></td>
<td>0</td>
<td>com.jbk.Test.DashboardPageTest@49fc609f</td></tr>
<tr>
<td title='com.jbk.Test.LoginTest.checkValidCredentials()'><b>checkValidCredentials</b><br>Test class: com.jbk.Test.LoginTest</td>
<td></td>
<td>1</td>
<td>com.jbk.Test.LoginTest@3d99d22e</td></tr>
<tr>
<td title='com.jbk.Test.OperatorsPageTest.facultyAvailable()'><b>facultyAvailable</b><br>Test class: com.jbk.Test.OperatorsPageTest</td>
<td></td>
<td>0</td>
<td>com.jbk.Test.OperatorsPageTest@3a883ce7</td></tr>
<tr>
<td title='com.jbk.Test.OperatorsPageTest.facultyAvailableMon_Sat()'><b>facultyAvailableMon_Sat</b><br>Test class: com.jbk.Test.OperatorsPageTest</td>
<td></td>
<td>0</td>
<td>com.jbk.Test.OperatorsPageTest@3a883ce7</td></tr>
<tr>
<td title='com.jbk.Test.OperatorsPageTest.facultyNeelamFor()'><b>facultyNeelamFor</b><br>Test class: com.jbk.Test.OperatorsPageTest</td>
<td></td>
<td>0</td>
<td>com.jbk.Test.OperatorsPageTest@3a883ce7</td></tr>
<tr>
<td title='com.jbk.Test.OperatorsPageTest.facultyNeelamTiming()'><b>facultyNeelamTiming</b><br>Test class: com.jbk.Test.OperatorsPageTest</td>
<td></td>
<td>0</td>
<td>com.jbk.Test.OperatorsPageTest@3a883ce7</td></tr>
<tr>
<td title='com.jbk.Test.UsefulLinksPageTest.goBtn1Click()'><b>goBtn1Click</b><br>Test class: com.jbk.Test.UsefulLinksPageTest</td>
<td></td>
<td>0</td>
<td>com.jbk.Test.UsefulLinksPageTest@4973813a</td></tr>
<tr>
<td title='com.jbk.Test.UsefulLinksPageTest.goBtn2Click()'><b>goBtn2Click</b><br>Test class: com.jbk.Test.UsefulLinksPageTest</td>
<td></td>
<td>0</td>
<td>com.jbk.Test.UsefulLinksPageTest@4973813a</td></tr>
<tr>
<td title='com.jbk.Test.UsefulLinksPageTest.goBtn3Click()'><b>goBtn3Click</b><br>Test class: com.jbk.Test.UsefulLinksPageTest</td>
<td></td>
<td>0</td>
<td>com.jbk.Test.UsefulLinksPageTest@4973813a</td></tr>
<tr>
<td title='com.jbk.Test.UsefulLinksPageTest.goBtn4Click()'><b>goBtn4Click</b><br>Test class: com.jbk.Test.UsefulLinksPageTest</td>
<td></td>
<td>0</td>
<td>com.jbk.Test.UsefulLinksPageTest@4973813a</td></tr>
<tr>
<td title='com.jbk.Test.UsefulLinksPageTest.goBtn5Click()'><b>goBtn5Click</b><br>Test class: com.jbk.Test.UsefulLinksPageTest</td>
<td></td>
<td>0</td>
<td>com.jbk.Test.UsefulLinksPageTest@4973813a</td></tr>
<tr>
<td title='com.jbk.Test.UsefulLinksPageTest.goBtn6Click()'><b>goBtn6Click</b><br>Test class: com.jbk.Test.UsefulLinksPageTest</td>
<td></td>
<td>0</td>
<td>com.jbk.Test.UsefulLinksPageTest@4973813a</td></tr>
<tr>
<td title='com.jbk.Test.LoginTest.registrationPage()'><b>registrationPage</b><br>Test class: com.jbk.Test.LoginTest<br>Parameters: a, b, c, d</td>
<td></td>
<td>1</td>
<td>com.jbk.Test.LoginTest@3d99d22e</td></tr>
<tr>
<td title='com.jbk.Test.LoginTest.registrationPage()'><b>registrationPage</b><br>Test class: com.jbk.Test.LoginTest<br>Parameters: e, f, g, h</td>
<td></td>
<td>1</td>
<td>com.jbk.Test.LoginTest@3d99d22e</td></tr>
<tr>
<td title='com.jbk.Test.LoginTest.registrationPage()'><b>registrationPage</b><br>Test class: com.jbk.Test.LoginTest<br>Parameters: i, j, k, l</td>
<td></td>
<td>1</td>
<td>com.jbk.Test.LoginTest@3d99d22e</td></tr>
<tr>
<td title='com.jbk.Test.LoginTest.verifyImage()'><b>verifyImage</b><br>Test class: com.jbk.Test.LoginTest</td>
<td></td>
<td>0</td>
<td>com.jbk.Test.LoginTest@3d99d22e</td></tr>
<tr>
<td title='com.jbk.Test.OperatorsPageTest.verifyTableHeaderCount()'><b>verifyTableHeaderCount</b><br>Test class: com.jbk.Test.OperatorsPageTest</td>
<td></td>
<td>0</td>
<td>com.jbk.Test.OperatorsPageTest@3a883ce7</td></tr>
<tr>
<td title='com.jbk.Test.OperatorsPageTest.verifyTechnicalJob()'><b>verifyTechnicalJob</b><br>Test class: com.jbk.Test.OperatorsPageTest</td>
<td></td>
<td>0</td>
<td>com.jbk.Test.OperatorsPageTest@3a883ce7</td></tr>
<tr>
<td title='com.jbk.Test.OperatorsPageTest.verifyTiming()'><b>verifyTiming</b><br>Test class: com.jbk.Test.OperatorsPageTest</td>
<td></td>
<td>0</td>
<td>com.jbk.Test.OperatorsPageTest@3a883ce7</td></tr>
<tr>
<td title='com.jbk.Test.LoginTest.verifyTitle()'><b>verifyTitle</b><br>Test class: com.jbk.Test.LoginTest</td>
<td></td>
<td>0</td>
<td>com.jbk.Test.LoginTest@3d99d22e</td></tr>
<tr>
<td title='com.jbk.Test.DownloadsPageTest.verifyTitle()'><b>verifyTitle</b><br>Test class: com.jbk.Test.DownloadsPageTest</td>
<td></td>
<td>0</td>
<td>com.jbk.Test.DownloadsPageTest@6321e813</td></tr>
<tr>
<td title='com.jbk.Test.OperatorsPageTest.verifyWhatsAppUser()'><b>verifyWhatsAppUser</b><br>Test class: com.jbk.Test.OperatorsPageTest</td>
<td></td>
<td>0</td>
<td>com.jbk.Test.OperatorsPageTest@3a883ce7</td></tr>
</table><p>
</body>
</html>